   Compiling sp1-core-machine v4.2.1 (/home/umad/sp1-wip/crates/core/machine)
   Compiling sp1-recursion-gnark-ffi v4.2.1 (/home/umad/sp1-wip/crates/recursion/gnark-ffi)
   Compiling fibonacci-script v1.1.0 (/home/umad/sp1-wip/examples/fibonacci/script)
warning: fibonacci-script@1.1.0: rustc +succinct --version: "rustc 1.85.0-dev\n"
warning: fibonacci-script@1.1.0: fibonacci-program built at 2025-05-29 00:38:58
   Compiling sp1-recursion-executor v4.2.1 (/home/umad/sp1-wip/crates/recursion/executor)
   Compiling sp1-recursion-machine v4.2.1 (/home/umad/sp1-wip/crates/recursion/machine)
   Compiling sp1-prover v4.2.1 (/home/umad/sp1-wip/crates/prover)
   Compiling sp1-recursion-compiler v4.2.1 (/home/umad/sp1-wip/crates/recursion/compiler)
   Compiling sp1-recursion-circuit v4.2.1 (/home/umad/sp1-wip/crates/recursion/circuit)
    Finished `release` profile [optimized] target(s) in 20.85s
     Running `/home/umad/sp1-wip/examples/target/release/core_u64`
2025-05-29T00:39:17.087257Z DEBUG chip Program has 0 byte interactions
2025-05-29T00:39:17.087337Z DEBUG evaluate constraints symbolically: close time.busy=6.47µs time.idle=2.01µs
2025-05-29T00:39:17.087382Z DEBUG chip ShaExtend has 10 byte interactions
2025-05-29T00:39:17.087398Z DEBUG evaluate constraints symbolically: close time.busy=14.6µs time.idle=270ns
2025-05-29T00:39:17.087405Z DEBUG chip ShaExtendControl has 0 byte interactions
2025-05-29T00:39:17.087410Z DEBUG evaluate constraints symbolically: close time.busy=3.23µs time.idle=180ns
2025-05-29T00:39:17.087423Z DEBUG chip ShaCompress has 2 byte interactions
2025-05-29T00:39:17.087428Z DEBUG evaluate constraints symbolically: close time.busy=3.27µs time.idle=481ns
2025-05-29T00:39:17.087432Z DEBUG chip ShaCompressControl has 0 byte interactions
2025-05-29T00:39:17.087434Z DEBUG evaluate constraints symbolically: close time.busy=1.01µs time.idle=230ns
2025-05-29T00:39:17.087482Z DEBUG chip EdAddAssign has 32 byte interactions
2025-05-29T00:39:17.087508Z DEBUG evaluate constraints symbolically: close time.busy=25.1µs time.idle=210ns
2025-05-29T00:39:17.087540Z DEBUG chip EdDecompress has 16 byte interactions
2025-05-29T00:39:17.087554Z DEBUG evaluate constraints symbolically: close time.busy=12.8µs time.idle=232ns
2025-05-29T00:39:17.087582Z DEBUG chip Secp256k1Decompress has 16 byte interactions
2025-05-29T00:39:17.087595Z DEBUG evaluate constraints symbolically: close time.busy=11.5µs time.idle=221ns
2025-05-29T00:39:17.087643Z DEBUG chip Secp256k1AddAssign has 32 byte interactions
2025-05-29T00:39:17.087668Z DEBUG evaluate constraints symbolically: close time.busy=23.6µs time.idle=220ns
2025-05-29T00:39:17.087705Z DEBUG chip Secp256k1DoubleAssign has 16 byte interactions
2025-05-29T00:39:17.087722Z DEBUG evaluate constraints symbolically: close time.busy=15.6µs time.idle=200ns
2025-05-29T00:39:17.087746Z DEBUG chip Secp256r1Decompress has 16 byte interactions
2025-05-29T00:39:17.087759Z DEBUG evaluate constraints symbolically: close time.busy=11.2µs time.idle=231ns
2025-05-29T00:39:17.087804Z DEBUG chip Secp256r1AddAssign has 32 byte interactions
2025-05-29T00:39:17.087833Z DEBUG evaluate constraints symbolically: close time.busy=27.8µs time.idle=190ns
2025-05-29T00:39:17.087870Z DEBUG chip Secp256r1DoubleAssign has 16 byte interactions
2025-05-29T00:39:17.087887Z DEBUG evaluate constraints symbolically: close time.busy=15.6µs time.idle=220ns
2025-05-29T00:39:17.087966Z DEBUG chip KeccakPermute has 0 byte interactions
2025-05-29T00:39:17.087979Z DEBUG evaluate constraints symbolically: close time.busy=11.7µs time.idle=220ns
2025-05-29T00:39:17.088160Z DEBUG chip KeccakPermuteControl has 200 byte interactions
2025-05-29T00:39:17.088421Z DEBUG evaluate constraints symbolically: close time.busy=258µs time.idle=440ns
2025-05-29T00:39:17.088544Z DEBUG chip Bn254AddAssign has 32 byte interactions
2025-05-29T00:39:17.088573Z DEBUG evaluate constraints symbolically: close time.busy=25.9µs time.idle=421ns
2025-05-29T00:39:17.088611Z DEBUG chip Bn254DoubleAssign has 16 byte interactions
2025-05-29T00:39:17.088630Z DEBUG evaluate constraints symbolically: close time.busy=16.7µs time.idle=240ns
2025-05-29T00:39:17.088694Z DEBUG chip Bls12381AddAssign has 48 byte interactions
2025-05-29T00:39:17.088729Z DEBUG evaluate constraints symbolically: close time.busy=34.1µs time.idle=210ns
2025-05-29T00:39:17.088783Z DEBUG chip Bls12381DoubleAssign has 24 byte interactions
2025-05-29T00:39:17.088883Z DEBUG evaluate constraints symbolically: close time.busy=98.8µs time.idle=341ns
2025-05-29T00:39:17.088962Z DEBUG chip Uint256MulMod has 16 byte interactions
2025-05-29T00:39:17.088992Z DEBUG evaluate constraints symbolically: close time.busy=26.6µs time.idle=510ns
2025-05-29T00:39:17.089375Z DEBUG chip U256XU2048Mul has 148 byte interactions
2025-05-29T00:39:17.089646Z DEBUG evaluate constraints symbolically: close time.busy=267µs time.idle=381ns
2025-05-29T00:39:17.089722Z DEBUG chip Bls12381FpOpAssign has 24 byte interactions
2025-05-29T00:39:17.089740Z DEBUG evaluate constraints symbolically: close time.busy=16.7µs time.idle=180ns
2025-05-29T00:39:17.089803Z DEBUG chip Bls12381Fp2AddSubAssign has 48 byte interactions
2025-05-29T00:39:17.089834Z DEBUG evaluate constraints symbolically: close time.busy=30.1µs time.idle=232ns
2025-05-29T00:39:17.089902Z DEBUG chip Bls12381Fp2MulAssign has 48 byte interactions
2025-05-29T00:39:17.089934Z DEBUG evaluate constraints symbolically: close time.busy=30.6µs time.idle=180ns
2025-05-29T00:39:17.089969Z DEBUG chip Bn254FpOpAssign has 16 byte interactions
2025-05-29T00:39:17.089981Z DEBUG evaluate constraints symbolically: close time.busy=10.6µs time.idle=180ns
2025-05-29T00:39:17.090021Z DEBUG chip Bn254Fp2AddSubAssign has 32 byte interactions
2025-05-29T00:39:17.090042Z DEBUG evaluate constraints symbolically: close time.busy=19.7µs time.idle=190ns
2025-05-29T00:39:17.090087Z DEBUG chip Bn254Fp2MulAssign has 32 byte interactions
2025-05-29T00:39:17.090108Z DEBUG evaluate constraints symbolically: close time.busy=19.5µs time.idle=191ns
2025-05-29T00:39:17.090144Z DEBUG chip Bls12381Decompress has 24 byte interactions
2025-05-29T00:39:17.090162Z DEBUG evaluate constraints symbolically: close time.busy=16.8µs time.idle=190ns
2025-05-29T00:39:17.090173Z DEBUG chip SyscallCore has 0 byte interactions
2025-05-29T00:39:17.090179Z DEBUG evaluate constraints symbolically: close time.busy=5.03µs time.idle=190ns
2025-05-29T00:39:17.090183Z DEBUG chip SyscallPrecompile has 0 byte interactions
2025-05-29T00:39:17.090185Z DEBUG evaluate constraints symbolically: close time.busy=991ns time.idle=180ns
2025-05-29T00:39:17.090202Z DEBUG chip DivRem has 6 byte interactions
2025-05-29T00:39:17.090211Z DEBUG evaluate constraints symbolically: close time.busy=7.70µs time.idle=191ns
2025-05-29T00:39:17.090223Z DEBUG chip Add has 6 byte interactions
2025-05-29T00:39:17.090229Z DEBUG evaluate constraints symbolically: close time.busy=4.70µs time.idle=200ns
2025-05-29T00:39:17.090255Z DEBUG chip Addi has 4 byte interactions
2025-05-29T00:39:17.090260Z DEBUG evaluate constraints symbolically: close time.busy=3.60µs time.idle=190ns
2025-05-29T00:39:17.090267Z DEBUG chip Addiw has 4 byte interactions
2025-05-29T00:39:17.090272Z DEBUG evaluate constraints symbolically: close time.busy=3.23µs time.idle=241ns
2025-05-29T00:39:17.090282Z DEBUG chip Addw has 6 byte interactions
2025-05-29T00:39:17.090286Z DEBUG evaluate constraints symbolically: close time.busy=3.62µs time.idle=190ns
2025-05-29T00:39:17.090296Z DEBUG chip Sub has 6 byte interactions
2025-05-29T00:39:17.090300Z DEBUG evaluate constraints symbolically: close time.busy=3.37µs time.idle=180ns
2025-05-29T00:39:17.090309Z DEBUG chip Subw has 6 byte interactions
2025-05-29T00:39:17.090314Z DEBUG evaluate constraints symbolically: close time.busy=3.33µs time.idle=221ns
2025-05-29T00:39:17.090330Z DEBUG chip Bitwise has 6 byte interactions
2025-05-29T00:39:17.090338Z DEBUG evaluate constraints symbolically: close time.busy=7.41µs time.idle=211ns
2025-05-29T00:39:17.090353Z DEBUG chip Mul has 6 byte interactions
2025-05-29T00:39:17.090362Z DEBUG evaluate constraints symbolically: close time.busy=5.49µs time.idle=171ns
2025-05-29T00:39:17.090377Z DEBUG chip ShiftRight has 6 byte interactions
2025-05-29T00:39:17.090384Z DEBUG evaluate constraints symbolically: close time.busy=5.58µs time.idle=191ns
2025-05-29T00:39:17.090395Z DEBUG chip ShiftLeft has 6 byte interactions
2025-05-29T00:39:17.090402Z DEBUG evaluate constraints symbolically: close time.busy=4.16µs time.idle=191ns
2025-05-29T00:39:17.090414Z DEBUG chip Lt has 6 byte interactions
2025-05-29T00:39:17.090420Z DEBUG evaluate constraints symbolically: close time.busy=5.05µs time.idle=270ns
2025-05-29T00:39:17.090433Z DEBUG chip LoadByte has 6 byte interactions
2025-05-29T00:39:17.090440Z DEBUG evaluate constraints symbolically: close time.busy=5.94µs time.idle=180ns
2025-05-29T00:39:17.090452Z DEBUG chip LoadHalf has 6 byte interactions
2025-05-29T00:39:17.090460Z DEBUG evaluate constraints symbolically: close time.busy=4.76µs time.idle=201ns
2025-05-29T00:39:17.090472Z DEBUG chip LoadWord has 6 byte interactions
2025-05-29T00:39:17.090478Z DEBUG evaluate constraints symbolically: close time.busy=5.27µs time.idle=210ns
2025-05-29T00:39:17.090490Z DEBUG chip LoadDouble has 6 byte interactions
2025-05-29T00:39:17.090499Z DEBUG evaluate constraints symbolically: close time.busy=6.70µs time.idle=320ns
2025-05-29T00:39:17.090516Z DEBUG chip LoadX0 has 6 byte interactions
2025-05-29T00:39:17.090524Z DEBUG evaluate constraints symbolically: close time.busy=6.10µs time.idle=200ns
2025-05-29T00:39:17.090536Z DEBUG chip StoreByte has 6 byte interactions
2025-05-29T00:39:17.090542Z DEBUG evaluate constraints symbolically: close time.busy=4.73µs time.idle=221ns
2025-05-29T00:39:17.090556Z DEBUG chip StoreHalf has 6 byte interactions
2025-05-29T00:39:17.090562Z DEBUG evaluate constraints symbolically: close time.busy=4.14µs time.idle=231ns
2025-05-29T00:39:17.090573Z DEBUG chip StoreWord has 6 byte interactions
2025-05-29T00:39:17.090579Z DEBUG evaluate constraints symbolically: close time.busy=4.71µs time.idle=190ns
2025-05-29T00:39:17.090590Z DEBUG chip StoreDouble has 6 byte interactions
2025-05-29T00:39:17.090595Z DEBUG evaluate constraints symbolically: close time.busy=4.14µs time.idle=201ns
2025-05-29T00:39:17.090602Z DEBUG chip Auipc has 2 byte interactions
2025-05-29T00:39:17.090607Z DEBUG evaluate constraints symbolically: close time.busy=3.62µs time.idle=201ns
2025-05-29T00:39:17.090628Z DEBUG chip Branch has 4 byte interactions
2025-05-29T00:39:17.090642Z DEBUG evaluate constraints symbolically: close time.busy=11.7µs time.idle=200ns
2025-05-29T00:39:17.090650Z DEBUG chip Jal has 2 byte interactions
2025-05-29T00:39:17.090655Z DEBUG evaluate constraints symbolically: close time.busy=3.10µs time.idle=200ns
2025-05-29T00:39:17.090681Z DEBUG chip Jalr has 4 byte interactions
2025-05-29T00:39:17.090689Z DEBUG evaluate constraints symbolically: close time.busy=7.32µs time.idle=201ns
2025-05-29T00:39:17.090706Z DEBUG chip SyscallInstrs has 10 byte interactions
2025-05-29T00:39:17.090716Z DEBUG evaluate constraints symbolically: close time.busy=8.87µs time.idle=180ns
2025-05-29T00:39:17.090721Z DEBUG chip MemoryBump has 2 byte interactions
2025-05-29T00:39:17.090730Z DEBUG evaluate constraints symbolically: close time.busy=7.41µs time.idle=201ns
2025-05-29T00:39:17.090736Z DEBUG chip MemoryGlobalInit has 12 byte interactions
2025-05-29T00:39:17.090739Z DEBUG evaluate constraints symbolically: close time.busy=1.56µs time.idle=220ns
2025-05-29T00:39:17.090744Z DEBUG chip MemoryGlobalFinalize has 12 byte interactions
2025-05-29T00:39:17.090747Z DEBUG evaluate constraints symbolically: close time.busy=1.28µs time.idle=180ns
2025-05-29T00:39:17.090767Z DEBUG chip MemoryLocal has 0 byte interactions
2025-05-29T00:39:17.090776Z DEBUG evaluate constraints symbolically: close time.busy=7.82µs time.idle=211ns
2025-05-29T00:39:17.091005Z DEBUG chip Global has 2 byte interactions
2025-05-29T00:39:17.091293Z DEBUG evaluate constraints symbolically: close time.busy=286µs time.idle=250ns
2025-05-29T00:39:17.091389Z DEBUG chip Byte has 6 byte interactions
2025-05-29T00:39:17.091445Z DEBUG evaluate constraints symbolically: close time.busy=54.5µs time.idle=241ns
2025-05-29T00:39:17.091448Z DEBUG chip Range has 1 byte interactions
2025-05-29T00:39:17.091450Z DEBUG evaluate constraints symbolically: close time.busy=561ns time.idle=220ns
2025-05-29T00:39:17.091585Z DEBUG chip MemoryConst has 0 byte interactions
2025-05-29T00:39:17.091588Z DEBUG evaluate constraints symbolically: close time.busy=952ns time.idle=200ns
2025-05-29T00:39:17.091591Z DEBUG chip MemoryVar has 0 byte interactions
2025-05-29T00:39:17.091593Z DEBUG evaluate constraints symbolically: close time.busy=801ns time.idle=210ns
2025-05-29T00:39:17.091603Z DEBUG chip BaseAlu has 0 byte interactions
2025-05-29T00:39:17.091609Z DEBUG evaluate constraints symbolically: close time.busy=5.09µs time.idle=190ns
2025-05-29T00:39:17.091641Z DEBUG chip ExtAlu has 0 byte interactions
2025-05-29T00:39:17.091664Z DEBUG evaluate constraints symbolically: close time.busy=21.9µs time.idle=230ns
2025-05-29T00:39:17.091798Z DEBUG chip Poseidon2WideDeg3 has 0 byte interactions
2025-05-29T00:39:17.091886Z DEBUG evaluate constraints symbolically: close time.busy=86.8µs time.idle=180ns
2025-05-29T00:39:17.091934Z DEBUG chip PrefixSumChecks has 0 byte interactions
2025-05-29T00:39:17.091972Z DEBUG evaluate constraints symbolically: close time.busy=36.8µs time.idle=190ns
2025-05-29T00:39:17.091978Z DEBUG chip Select has 0 byte interactions
2025-05-29T00:39:17.091983Z DEBUG evaluate constraints symbolically: close time.busy=3.30µs time.idle=190ns
2025-05-29T00:39:17.091989Z DEBUG chip PublicValues has 0 byte interactions
2025-05-29T00:39:17.091991Z DEBUG evaluate constraints symbolically: close time.busy=611ns time.idle=200ns
2025-05-29T00:39:17.091999Z DEBUG chip Program has 0 byte interactions
2025-05-29T00:39:17.092001Z DEBUG evaluate constraints symbolically: close time.busy=691ns time.idle=180ns
2025-05-29T00:39:17.092015Z DEBUG chip ShaExtend has 10 byte interactions
2025-05-29T00:39:17.092023Z DEBUG evaluate constraints symbolically: close time.busy=7.25µs time.idle=240ns
2025-05-29T00:39:17.092028Z DEBUG chip ShaExtendControl has 0 byte interactions
2025-05-29T00:39:17.092032Z DEBUG evaluate constraints symbolically: close time.busy=2.62µs time.idle=190ns
2025-05-29T00:39:17.092038Z DEBUG chip ShaCompress has 2 byte interactions
2025-05-29T00:39:17.092042Z DEBUG evaluate constraints symbolically: close time.busy=2.98µs time.idle=220ns
2025-05-29T00:39:17.092047Z DEBUG chip ShaCompressControl has 0 byte interactions
2025-05-29T00:39:17.092049Z DEBUG evaluate constraints symbolically: close time.busy=751ns time.idle=200ns
2025-05-29T00:39:17.092087Z DEBUG chip EdAddAssign has 32 byte interactions
2025-05-29T00:39:17.092111Z DEBUG evaluate constraints symbolically: close time.busy=21.4µs time.idle=190ns
2025-05-29T00:39:17.092140Z DEBUG chip EdDecompress has 16 byte interactions
2025-05-29T00:39:17.092153Z DEBUG evaluate constraints symbolically: close time.busy=11.1µs time.idle=201ns
2025-05-29T00:39:17.092176Z DEBUG chip Secp256k1Decompress has 16 byte interactions
2025-05-29T00:39:17.092188Z DEBUG evaluate constraints symbolically: close time.busy=10.2µs time.idle=170ns
2025-05-29T00:39:17.092231Z DEBUG chip Secp256k1AddAssign has 32 byte interactions
2025-05-29T00:39:17.092324Z DEBUG evaluate constraints symbolically: close time.busy=91.2µs time.idle=390ns
2025-05-29T00:39:17.092370Z DEBUG chip Secp256k1DoubleAssign has 16 byte interactions
2025-05-29T00:39:17.092393Z DEBUG evaluate constraints symbolically: close time.busy=20.0µs time.idle=590ns
2025-05-29T00:39:17.092424Z DEBUG chip Secp256r1Decompress has 16 byte interactions
2025-05-29T00:39:17.092444Z DEBUG evaluate constraints symbolically: close time.busy=14.8µs time.idle=292ns
2025-05-29T00:39:17.092493Z DEBUG chip Secp256r1AddAssign has 32 byte interactions
2025-05-29T00:39:17.092518Z DEBUG evaluate constraints symbolically: close time.busy=24.0µs time.idle=211ns
2025-05-29T00:39:17.092556Z DEBUG chip Secp256r1DoubleAssign has 16 byte interactions
2025-05-29T00:39:17.092574Z DEBUG evaluate constraints symbolically: close time.busy=16.1µs time.idle=211ns
2025-05-29T00:39:17.092649Z DEBUG chip KeccakPermute has 0 byte interactions
2025-05-29T00:39:17.092663Z DEBUG evaluate constraints symbolically: close time.busy=12.3µs time.idle=211ns
2025-05-29T00:39:17.092856Z DEBUG chip KeccakPermuteControl has 200 byte interactions
2025-05-29T00:39:17.093078Z DEBUG evaluate constraints symbolically: close time.busy=221µs time.idle=201ns
2025-05-29T00:39:17.093184Z DEBUG chip Bn254AddAssign has 32 byte interactions
2025-05-29T00:39:17.093209Z DEBUG evaluate constraints symbolically: close time.busy=23.5µs time.idle=210ns
2025-05-29T00:39:17.093246Z DEBUG chip Bn254DoubleAssign has 16 byte interactions
2025-05-29T00:39:17.093268Z DEBUG evaluate constraints symbolically: close time.busy=15.6µs time.idle=210ns
2025-05-29T00:39:17.093334Z DEBUG chip Bls12381AddAssign has 48 byte interactions
2025-05-29T00:39:17.093371Z DEBUG evaluate constraints symbolically: close time.busy=35.1µs time.idle=190ns
2025-05-29T00:39:17.093424Z DEBUG chip Bls12381DoubleAssign has 24 byte interactions
2025-05-29T00:39:17.093448Z DEBUG evaluate constraints symbolically: close time.busy=22.3µs time.idle=191ns
2025-05-29T00:39:17.093478Z DEBUG chip Uint256MulMod has 16 byte interactions
2025-05-29T00:39:17.093491Z DEBUG evaluate constraints symbolically: close time.busy=11.3µs time.idle=190ns
2025-05-29T00:39:17.093679Z DEBUG chip U256XU2048Mul has 148 byte interactions
2025-05-29T00:39:17.093842Z DEBUG evaluate constraints symbolically: close time.busy=162µs time.idle=220ns
2025-05-29T00:39:17.093917Z DEBUG chip Bls12381FpOpAssign has 24 byte interactions
2025-05-29T00:39:17.093935Z DEBUG evaluate constraints symbolically: close time.busy=16.7µs time.idle=180ns
2025-05-29T00:39:17.093994Z DEBUG chip Bls12381Fp2AddSubAssign has 48 byte interactions
2025-05-29T00:39:17.094025Z DEBUG evaluate constraints symbolically: close time.busy=29.7µs time.idle=190ns
2025-05-29T00:39:17.094095Z DEBUG chip Bls12381Fp2MulAssign has 48 byte interactions
2025-05-29T00:39:17.094127Z DEBUG evaluate constraints symbolically: close time.busy=30.1µs time.idle=191ns
2025-05-29T00:39:17.094162Z DEBUG chip Bn254FpOpAssign has 16 byte interactions
2025-05-29T00:39:17.094174Z DEBUG evaluate constraints symbolically: close time.busy=10.6µs time.idle=211ns
2025-05-29T00:39:17.094215Z DEBUG chip Bn254Fp2AddSubAssign has 32 byte interactions
2025-05-29T00:39:17.094236Z DEBUG evaluate constraints symbolically: close time.busy=19.7µs time.idle=180ns
2025-05-29T00:39:17.094291Z DEBUG chip Bn254Fp2MulAssign has 32 byte interactions
2025-05-29T00:39:17.094336Z DEBUG evaluate constraints symbolically: close time.busy=42.2µs time.idle=440ns
2025-05-29T00:39:17.094383Z DEBUG chip Bls12381Decompress has 24 byte interactions
2025-05-29T00:39:17.094412Z DEBUG evaluate constraints symbolically: close time.busy=25.3µs time.idle=361ns
2025-05-29T00:39:17.094420Z DEBUG chip SyscallCore has 0 byte interactions
2025-05-29T00:39:17.094427Z DEBUG evaluate constraints symbolically: close time.busy=5.15µs time.idle=201ns
2025-05-29T00:39:17.094431Z DEBUG chip SyscallPrecompile has 0 byte interactions
2025-05-29T00:39:17.094433Z DEBUG evaluate constraints symbolically: close time.busy=1.00µs time.idle=180ns
2025-05-29T00:39:17.094452Z DEBUG chip DivRem has 6 byte interactions
2025-05-29T00:39:17.094460Z DEBUG evaluate constraints symbolically: close time.busy=6.39µs time.idle=200ns
2025-05-29T00:39:17.094471Z DEBUG chip Add has 6 byte interactions
2025-05-29T00:39:17.094477Z DEBUG evaluate constraints symbolically: close time.busy=4.15µs time.idle=240ns
2025-05-29T00:39:17.094486Z DEBUG chip Addi has 4 byte interactions
2025-05-29T00:39:17.094491Z DEBUG evaluate constraints symbolically: close time.busy=3.60µs time.idle=211ns
2025-05-29T00:39:17.094499Z DEBUG chip Addiw has 4 byte interactions
2025-05-29T00:39:17.094504Z DEBUG evaluate constraints symbolically: close time.busy=3.17µs time.idle=210ns
2025-05-29T00:39:17.094515Z DEBUG chip Addw has 6 byte interactions
2025-05-29T00:39:17.094520Z DEBUG evaluate constraints symbolically: close time.busy=4.10µs time.idle=180ns
2025-05-29T00:39:17.094531Z DEBUG chip Sub has 6 byte interactions
2025-05-29T00:39:17.094536Z DEBUG evaluate constraints symbolically: close time.busy=3.40µs time.idle=191ns
2025-05-29T00:39:17.094546Z DEBUG chip Subw has 6 byte interactions
2025-05-29T00:39:17.094551Z DEBUG evaluate constraints symbolically: close time.busy=3.25µs time.idle=210ns
2025-05-29T00:39:17.094566Z DEBUG chip Bitwise has 6 byte interactions
2025-05-29T00:39:17.094574Z DEBUG evaluate constraints symbolically: close time.busy=6.58µs time.idle=240ns
2025-05-29T00:39:17.094587Z DEBUG chip Mul has 6 byte interactions
2025-05-29T00:39:17.094595Z DEBUG evaluate constraints symbolically: close time.busy=5.62µs time.idle=220ns
2025-05-29T00:39:17.094610Z DEBUG chip ShiftRight has 6 byte interactions
2025-05-29T00:39:17.094628Z DEBUG evaluate constraints symbolically: close time.busy=16.2µs time.idle=300ns
2025-05-29T00:39:17.094655Z DEBUG chip ShiftLeft has 6 byte interactions
2025-05-29T00:39:17.094670Z DEBUG evaluate constraints symbolically: close time.busy=10.3µs time.idle=671ns
2025-05-29T00:39:17.094699Z DEBUG chip Lt has 6 byte interactions
2025-05-29T00:39:17.094716Z DEBUG evaluate constraints symbolically: close time.busy=12.5µs time.idle=662ns
2025-05-29T00:39:17.094747Z DEBUG chip LoadByte has 6 byte interactions
2025-05-29T00:39:17.094764Z DEBUG evaluate constraints symbolically: close time.busy=12.8µs time.idle=502ns
2025-05-29T00:39:17.094796Z DEBUG chip LoadHalf has 6 byte interactions
2025-05-29T00:39:17.094810Z DEBUG evaluate constraints symbolically: close time.busy=10.7µs time.idle=500ns
2025-05-29T00:39:17.094839Z DEBUG chip LoadWord has 6 byte interactions
2025-05-29T00:39:17.094855Z DEBUG evaluate constraints symbolically: close time.busy=11.5µs time.idle=500ns
2025-05-29T00:39:17.094886Z DEBUG chip LoadDouble has 6 byte interactions
2025-05-29T00:39:17.094900Z DEBUG evaluate constraints symbolically: close time.busy=10.6µs time.idle=520ns
2025-05-29T00:39:17.094938Z DEBUG chip LoadX0 has 6 byte interactions
2025-05-29T00:39:17.094954Z DEBUG evaluate constraints symbolically: close time.busy=13.6µs time.idle=461ns
2025-05-29T00:39:17.094981Z DEBUG chip StoreByte has 6 byte interactions
2025-05-29T00:39:17.094995Z DEBUG evaluate constraints symbolically: close time.busy=10.7µs time.idle=532ns
2025-05-29T00:39:17.095020Z DEBUG chip StoreHalf has 6 byte interactions
2025-05-29T00:39:17.095033Z DEBUG evaluate constraints symbolically: close time.busy=10.0µs time.idle=510ns
2025-05-29T00:39:17.095058Z DEBUG chip StoreWord has 6 byte interactions
2025-05-29T00:39:17.095071Z DEBUG evaluate constraints symbolically: close time.busy=9.87µs time.idle=471ns
2025-05-29T00:39:17.095095Z DEBUG chip StoreDouble has 6 byte interactions
2025-05-29T00:39:17.095108Z DEBUG evaluate constraints symbolically: close time.busy=9.48µs time.idle=430ns
2025-05-29T00:39:17.095123Z DEBUG chip Auipc has 2 byte interactions
2025-05-29T00:39:17.095135Z DEBUG evaluate constraints symbolically: close time.busy=8.27µs time.idle=422ns
2025-05-29T00:39:17.095161Z DEBUG chip Branch has 4 byte interactions
2025-05-29T00:39:17.095184Z DEBUG evaluate constraints symbolically: close time.busy=19.3µs time.idle=460ns
2025-05-29T00:39:17.095202Z DEBUG chip Jal has 2 byte interactions
2025-05-29T00:39:17.095212Z DEBUG evaluate constraints symbolically: close time.busy=7.22µs time.idle=490ns
2025-05-29T00:39:17.095232Z DEBUG chip Jalr has 4 byte interactions
2025-05-29T00:39:17.095257Z DEBUG evaluate constraints symbolically: close time.busy=22.0µs time.idle=440ns
2025-05-29T00:39:17.095301Z DEBUG chip SyscallInstrs has 10 byte interactions
2025-05-29T00:39:17.095325Z DEBUG evaluate constraints symbolically: close time.busy=19.8µs time.idle=410ns
2025-05-29T00:39:17.095337Z DEBUG chip MemoryBump has 2 byte interactions
2025-05-29T00:39:17.095347Z DEBUG evaluate constraints symbolically: close time.busy=6.50µs time.idle=420ns
2025-05-29T00:39:17.095361Z DEBUG chip MemoryGlobalInit has 12 byte interactions
2025-05-29T00:39:17.095368Z DEBUG evaluate constraints symbolically: close time.busy=3.40µs time.idle=461ns
2025-05-29T00:39:17.095380Z DEBUG chip MemoryGlobalFinalize has 12 byte interactions
2025-05-29T00:39:17.095390Z DEBUG evaluate constraints symbolically: close time.busy=6.70µs time.idle=531ns
2025-05-29T00:39:17.095426Z DEBUG chip MemoryLocal has 0 byte interactions
2025-05-29T00:39:17.095445Z DEBUG evaluate constraints symbolically: close time.busy=16.5µs time.idle=450ns
2025-05-29T00:39:17.095729Z DEBUG chip Global has 2 byte interactions
2025-05-29T00:39:17.096003Z DEBUG evaluate constraints symbolically: close time.busy=269µs time.idle=231ns
2025-05-29T00:39:17.096071Z DEBUG chip Byte has 6 byte interactions
2025-05-29T00:39:17.096123Z DEBUG evaluate constraints symbolically: close time.busy=50.3µs time.idle=200ns
2025-05-29T00:39:17.096125Z DEBUG chip Range has 1 byte interactions
2025-05-29T00:39:17.096127Z DEBUG evaluate constraints symbolically: close time.busy=641ns time.idle=210ns
2025-05-29T00:39:17.096242Z DEBUG chip MemoryConst has 0 byte interactions
2025-05-29T00:39:17.096244Z DEBUG evaluate constraints symbolically: close time.busy=661ns time.idle=210ns
2025-05-29T00:39:17.096251Z DEBUG chip MemoryVar has 0 byte interactions
2025-05-29T00:39:17.096253Z DEBUG evaluate constraints symbolically: close time.busy=691ns time.idle=190ns
2025-05-29T00:39:17.096262Z DEBUG chip BaseAlu has 0 byte interactions
2025-05-29T00:39:17.096268Z DEBUG evaluate constraints symbolically: close time.busy=4.39µs time.idle=170ns
2025-05-29T00:39:17.096296Z DEBUG chip ExtAlu has 0 byte interactions
2025-05-29T00:39:17.096320Z DEBUG evaluate constraints symbolically: close time.busy=22.0µs time.idle=190ns
2025-05-29T00:39:17.096459Z DEBUG chip Poseidon2WideDeg3 has 0 byte interactions
2025-05-29T00:39:17.096550Z DEBUG evaluate constraints symbolically: close time.busy=86.9µs time.idle=341ns
2025-05-29T00:39:17.096600Z DEBUG chip PrefixSumChecks has 0 byte interactions
2025-05-29T00:39:17.096639Z DEBUG evaluate constraints symbolically: close time.busy=37.0µs time.idle=190ns
2025-05-29T00:39:17.096645Z DEBUG chip Select has 0 byte interactions
2025-05-29T00:39:17.096649Z DEBUG evaluate constraints symbolically: close time.busy=3.44µs time.idle=191ns
2025-05-29T00:39:17.096652Z DEBUG chip PublicValues has 0 byte interactions
2025-05-29T00:39:17.096654Z DEBUG evaluate constraints symbolically: close time.busy=601ns time.idle=190ns
2025-05-29T00:39:17.108755Z DEBUG build compress program: close time.busy=11.0ms time.idle=410ns
2025-05-29T00:39:17.128111Z DEBUG compile compress program:compile raw program: close time.busy=19.3ms time.idle=872ns
2025-05-29T00:39:17.129081Z DEBUG compile compress program:backfill mult: close time.busy=956µs time.idle=470ns
2025-05-29T00:39:17.129095Z DEBUG compile compress program:prepend constants: close time.busy=250ns time.idle=190ns
2025-05-29T00:39:17.134523Z DEBUG compile compress program: close time.busy=25.7ms time.idle=981ns
2025-05-29T00:39:17.136275Z  WARN Expected exactly one CommitPVHash instruction.
2025-05-29T00:39:17.613683Z DEBUG acquire setup: permit acquired for 469.198043ms 
2025-05-29T00:39:17.613732Z DEBUG acquire setup: close time.busy=8.15µs time.idle=469ms
2025-05-29T00:39:17.644339Z DEBUG build compress program: close time.busy=30.2ms time.idle=1.33µs
2025-05-29T00:39:17.680529Z DEBUG compile compress program:compile raw program: close time.busy=36.2ms time.idle=672ns
2025-05-29T00:39:17.682520Z DEBUG compile compress program:backfill mult: close time.busy=1.95ms time.idle=1.08µs
2025-05-29T00:39:17.682546Z DEBUG compile compress program:prepend constants: close time.busy=370ns time.idle=421ns
2025-05-29T00:39:17.694346Z DEBUG compile compress program: close time.busy=50.0ms time.idle=792ns
2025-05-29T00:39:17.696551Z  WARN Expected exactly one CommitPVHash instruction.
2025-05-29T00:39:18.189913Z DEBUG acquire setup: permit acquired for 483.006394ms 
2025-05-29T00:39:18.189972Z DEBUG acquire setup: close time.busy=2.97µs time.idle=483ms
2025-05-29T00:39:18.199081Z DEBUG get operations for the deferred program:Read input values: close time.busy=8.79ms time.idle=901ns
2025-05-29T00:39:18.199101Z DEBUG get operations for the deferred program:Verify deferred program: close time.busy=121ns time.idle=430ns
2025-05-29T00:39:18.199104Z DEBUG get operations for the deferred program: close time.busy=8.81ms time.idle=931ns
2025-05-29T00:39:18.217196Z DEBUG compile deferred program:compile raw program: close time.busy=18.1ms time.idle=430ns
2025-05-29T00:39:18.218176Z DEBUG compile deferred program:backfill mult: close time.busy=945µs time.idle=561ns
2025-05-29T00:39:18.218184Z DEBUG compile deferred program:prepend constants: close time.busy=291ns time.idle=290ns
2025-05-29T00:39:18.218771Z DEBUG compile deferred program: close time.busy=19.7ms time.idle=210ns
2025-05-29T00:39:18.219788Z  WARN Expected exactly one CommitPVHash instruction.
2025-05-29T00:39:18.702522Z DEBUG acquire setup: permit acquired for 474.404557ms 
2025-05-29T00:39:18.702569Z DEBUG acquire setup: close time.busy=2.81µs time.idle=474ms
2025-05-29T00:39:18.702748Z DEBUG chip Program has 0 byte interactions
2025-05-29T00:39:18.702762Z DEBUG evaluate constraints symbolically: close time.busy=2.49µs time.idle=791ns
2025-05-29T00:39:18.702814Z DEBUG chip ShaExtend has 10 byte interactions
2025-05-29T00:39:18.702836Z DEBUG evaluate constraints symbolically: close time.busy=15.9µs time.idle=190ns
2025-05-29T00:39:18.702849Z DEBUG chip ShaExtendControl has 0 byte interactions
2025-05-29T00:39:18.702859Z DEBUG evaluate constraints symbolically: close time.busy=3.27µs time.idle=271ns
2025-05-29T00:39:18.702874Z DEBUG chip ShaCompress has 2 byte interactions
2025-05-29T00:39:18.702884Z DEBUG evaluate constraints symbolically: close time.busy=3.79µs time.idle=190ns
2025-05-29T00:39:18.702896Z DEBUG chip ShaCompressControl has 0 byte interactions
2025-05-29T00:39:18.702903Z DEBUG evaluate constraints symbolically: close time.busy=1.22µs time.idle=190ns
2025-05-29T00:39:18.702964Z DEBUG chip EdAddAssign has 32 byte interactions
2025-05-29T00:39:18.702999Z DEBUG evaluate constraints symbolically: close time.busy=28.4µs time.idle=191ns
2025-05-29T00:39:18.703046Z DEBUG chip EdDecompress has 16 byte interactions
2025-05-29T00:39:18.703064Z DEBUG evaluate constraints symbolically: close time.busy=12.6µs time.idle=240ns
2025-05-29T00:39:18.703099Z DEBUG chip Secp256k1Decompress has 16 byte interactions
2025-05-29T00:39:18.703117Z DEBUG evaluate constraints symbolically: close time.busy=12.1µs time.idle=180ns
2025-05-29T00:39:18.703171Z DEBUG chip Secp256k1AddAssign has 32 byte interactions
2025-05-29T00:39:18.703203Z DEBUG evaluate constraints symbolically: close time.busy=25.5µs time.idle=200ns
2025-05-29T00:39:18.703261Z DEBUG chip Secp256k1DoubleAssign has 16 byte interactions
2025-05-29T00:39:18.703282Z DEBUG evaluate constraints symbolically: close time.busy=15.2µs time.idle=211ns
2025-05-29T00:39:18.703315Z DEBUG chip Secp256r1Decompress has 16 byte interactions
2025-05-29T00:39:18.703333Z DEBUG evaluate constraints symbolically: close time.busy=11.5µs time.idle=220ns
2025-05-29T00:39:18.703385Z DEBUG chip Secp256r1AddAssign has 32 byte interactions
2025-05-29T00:39:18.703416Z DEBUG evaluate constraints symbolically: close time.busy=24.1µs time.idle=200ns
2025-05-29T00:39:18.703459Z DEBUG chip Secp256r1DoubleAssign has 16 byte interactions
2025-05-29T00:39:18.703480Z DEBUG evaluate constraints symbolically: close time.busy=15.1µs time.idle=200ns
2025-05-29T00:39:18.703521Z DEBUG chip KeccakPermute has 0 byte interactions
2025-05-29T00:39:18.703539Z DEBUG evaluate constraints symbolically: close time.busy=11.8µs time.idle=230ns
2025-05-29T00:39:18.703733Z DEBUG chip KeccakPermuteControl has 200 byte interactions
2025-05-29T00:39:18.703844Z DEBUG evaluate constraints symbolically: close time.busy=104µs time.idle=210ns
2025-05-29T00:39:18.703958Z DEBUG chip Bn254AddAssign has 32 byte interactions
2025-05-29T00:39:18.703992Z DEBUG evaluate constraints symbolically: close time.busy=23.4µs time.idle=241ns
2025-05-29T00:39:18.704034Z DEBUG chip Bn254DoubleAssign has 16 byte interactions
2025-05-29T00:39:18.704057Z DEBUG evaluate constraints symbolically: close time.busy=15.4µs time.idle=220ns
2025-05-29T00:39:18.704127Z DEBUG chip Bls12381AddAssign has 48 byte interactions
2025-05-29T00:39:18.704169Z DEBUG evaluate constraints symbolically: close time.busy=34.3µs time.idle=230ns
2025-05-29T00:39:18.704228Z DEBUG chip Bls12381DoubleAssign has 24 byte interactions
2025-05-29T00:39:18.704260Z DEBUG evaluate constraints symbolically: close time.busy=26.4µs time.idle=211ns
2025-05-29T00:39:18.704303Z DEBUG chip Uint256MulMod has 16 byte interactions
2025-05-29T00:39:18.704321Z DEBUG evaluate constraints symbolically: close time.busy=11.3µs time.idle=220ns
2025-05-29T00:39:18.704479Z DEBUG chip U256XU2048Mul has 148 byte interactions
2025-05-29T00:39:18.704576Z DEBUG evaluate constraints symbolically: close time.busy=90.6µs time.idle=220ns
2025-05-29T00:39:18.704663Z DEBUG chip Bls12381FpOpAssign has 24 byte interactions
2025-05-29T00:39:18.704687Z DEBUG evaluate constraints symbolically: close time.busy=17.7µs time.idle=221ns
2025-05-29T00:39:18.704765Z DEBUG chip Bls12381Fp2AddSubAssign has 48 byte interactions
2025-05-29T00:39:18.704802Z DEBUG evaluate constraints symbolically: close time.busy=30.6µs time.idle=220ns
2025-05-29T00:39:18.704882Z DEBUG chip Bls12381Fp2MulAssign has 48 byte interactions
2025-05-29T00:39:18.704920Z DEBUG evaluate constraints symbolically: close time.busy=31.9µs time.idle=210ns
2025-05-29T00:39:18.704963Z DEBUG chip Bn254FpOpAssign has 16 byte interactions
2025-05-29T00:39:18.704981Z DEBUG evaluate constraints symbolically: close time.busy=11.5µs time.idle=210ns
2025-05-29T00:39:18.705030Z DEBUG chip Bn254Fp2AddSubAssign has 32 byte interactions
2025-05-29T00:39:18.705056Z DEBUG evaluate constraints symbolically: close time.busy=20.3µs time.idle=221ns
2025-05-29T00:39:18.705112Z DEBUG chip Bn254Fp2MulAssign has 32 byte interactions
2025-05-29T00:39:18.705139Z DEBUG evaluate constraints symbolically: close time.busy=21.4µs time.idle=210ns
2025-05-29T00:39:18.705183Z DEBUG chip Bls12381Decompress has 24 byte interactions
2025-05-29T00:39:18.705205Z DEBUG evaluate constraints symbolically: close time.busy=16.0µs time.idle=220ns
2025-05-29T00:39:18.705220Z DEBUG chip SyscallCore has 0 byte interactions
2025-05-29T00:39:18.705231Z DEBUG evaluate constraints symbolically: close time.busy=5.37µs time.idle=200ns
2025-05-29T00:39:18.705241Z DEBUG chip SyscallPrecompile has 0 byte interactions
2025-05-29T00:39:18.705252Z DEBUG evaluate constraints symbolically: close time.busy=1.03µs time.idle=190ns
2025-05-29T00:39:18.705277Z DEBUG chip DivRem has 6 byte interactions
2025-05-29T00:39:18.705291Z DEBUG evaluate constraints symbolically: close time.busy=8.46µs time.idle=200ns
2025-05-29T00:39:18.705310Z DEBUG chip Add has 6 byte interactions
2025-05-29T00:39:18.705321Z DEBUG evaluate constraints symbolically: close time.busy=4.65µs time.idle=230ns
2025-05-29T00:39:18.705336Z DEBUG chip Addi has 4 byte interactions
2025-05-29T00:39:18.705346Z DEBUG evaluate constraints symbolically: close time.busy=4.00µs time.idle=221ns
2025-05-29T00:39:18.705362Z DEBUG chip Addiw has 4 byte interactions
2025-05-29T00:39:18.705371Z DEBUG evaluate constraints symbolically: close time.busy=3.23µs time.idle=190ns
2025-05-29T00:39:18.705387Z DEBUG chip Addw has 6 byte interactions
2025-05-29T00:39:18.705397Z DEBUG evaluate constraints symbolically: close time.busy=3.96µs time.idle=201ns
2025-05-29T00:39:18.705414Z DEBUG chip Sub has 6 byte interactions
2025-05-29T00:39:18.705423Z DEBUG evaluate constraints symbolically: close time.busy=3.67µs time.idle=210ns
2025-05-29T00:39:18.705439Z DEBUG chip Subw has 6 byte interactions
2025-05-29T00:39:18.705449Z DEBUG evaluate constraints symbolically: close time.busy=3.59µs time.idle=200ns
2025-05-29T00:39:18.705471Z DEBUG chip Bitwise has 6 byte interactions
2025-05-29T00:39:18.705488Z DEBUG evaluate constraints symbolically: close time.busy=7.24µs time.idle=211ns
2025-05-29T00:39:18.705508Z DEBUG chip Mul has 6 byte interactions
2025-05-29T00:39:18.705521Z DEBUG evaluate constraints symbolically: close time.busy=5.87µs time.idle=290ns
2025-05-29T00:39:18.705583Z DEBUG chip ShiftRight has 6 byte interactions
2025-05-29T00:39:18.705614Z DEBUG evaluate constraints symbolically: close time.busy=12.4µs time.idle=1.21µs
2025-05-29T00:39:18.705632Z DEBUG chip ShiftLeft has 6 byte interactions
2025-05-29T00:39:18.705640Z DEBUG evaluate constraints symbolically: close time.busy=6.09µs time.idle=291ns
2025-05-29T00:39:18.705657Z DEBUG chip Lt has 6 byte interactions
2025-05-29T00:39:18.705666Z DEBUG evaluate constraints symbolically: close time.busy=7.38µs time.idle=200ns
2025-05-29T00:39:18.705691Z DEBUG chip LoadByte has 6 byte interactions
2025-05-29T00:39:18.705703Z DEBUG evaluate constraints symbolically: close time.busy=10.5µs time.idle=310ns
2025-05-29T00:39:18.705717Z DEBUG chip LoadHalf has 6 byte interactions
2025-05-29T00:39:18.705724Z DEBUG evaluate constraints symbolically: close time.busy=5.74µs time.idle=230ns
2025-05-29T00:39:18.705739Z DEBUG chip LoadWord has 6 byte interactions
2025-05-29T00:39:18.705746Z DEBUG evaluate constraints symbolically: close time.busy=6.28µs time.idle=241ns
2025-05-29T00:39:18.705760Z DEBUG chip LoadDouble has 6 byte interactions
2025-05-29T00:39:18.705767Z DEBUG evaluate constraints symbolically: close time.busy=5.62µs time.idle=231ns
2025-05-29T00:39:18.705785Z DEBUG chip LoadX0 has 6 byte interactions
2025-05-29T00:39:18.705793Z DEBUG evaluate constraints symbolically: close time.busy=6.42µs time.idle=230ns
2025-05-29T00:39:18.705805Z DEBUG chip StoreByte has 6 byte interactions
2025-05-29T00:39:18.705813Z DEBUG evaluate constraints symbolically: close time.busy=6.85µs time.idle=210ns
2025-05-29T00:39:18.705824Z DEBUG chip StoreHalf has 6 byte interactions
2025-05-29T00:39:18.705831Z DEBUG evaluate constraints symbolically: close time.busy=5.83µs time.idle=201ns
2025-05-29T00:39:18.705842Z DEBUG chip StoreWord has 6 byte interactions
2025-05-29T00:39:18.705850Z DEBUG evaluate constraints symbolically: close time.busy=6.16µs time.idle=200ns
2025-05-29T00:39:18.705861Z DEBUG chip StoreDouble has 6 byte interactions
2025-05-29T00:39:18.705870Z DEBUG evaluate constraints symbolically: close time.busy=7.55µs time.idle=230ns
2025-05-29T00:39:18.705878Z DEBUG chip Auipc has 2 byte interactions
2025-05-29T00:39:18.705882Z DEBUG evaluate constraints symbolically: close time.busy=3.04µs time.idle=220ns
2025-05-29T00:39:18.705897Z DEBUG chip Branch has 4 byte interactions
2025-05-29T00:39:18.705907Z DEBUG evaluate constraints symbolically: close time.busy=8.26µs time.idle=190ns
2025-05-29T00:39:18.705915Z DEBUG chip Jal has 2 byte interactions
2025-05-29T00:39:18.705920Z DEBUG evaluate constraints symbolically: close time.busy=3.31µs time.idle=200ns
2025-05-29T00:39:18.705929Z DEBUG chip Jalr has 4 byte interactions
2025-05-29T00:39:18.705936Z DEBUG evaluate constraints symbolically: close time.busy=5.55µs time.idle=190ns
2025-05-29T00:39:18.705951Z DEBUG chip SyscallInstrs has 10 byte interactions
2025-05-29T00:39:18.705961Z DEBUG evaluate constraints symbolically: close time.busy=6.59µs time.idle=200ns
2025-05-29T00:39:18.705968Z DEBUG chip MemoryBump has 2 byte interactions
2025-05-29T00:39:18.705973Z DEBUG evaluate constraints symbolically: close time.busy=3.94µs time.idle=170ns
2025-05-29T00:39:18.706008Z DEBUG chip MemoryGlobalInit has 12 byte interactions
2025-05-29T00:39:18.706012Z DEBUG evaluate constraints symbolically: close time.busy=2.67µs time.idle=240ns
2025-05-29T00:39:18.706033Z DEBUG chip MemoryGlobalFinalize has 12 byte interactions
2025-05-29T00:39:18.706037Z DEBUG evaluate constraints symbolically: close time.busy=2.35µs time.idle=230ns
2025-05-29T00:39:18.706049Z DEBUG chip MemoryLocal has 0 byte interactions
2025-05-29T00:39:18.706056Z DEBUG evaluate constraints symbolically: close time.busy=5.64µs time.idle=232ns
2025-05-29T00:39:18.706267Z DEBUG chip Global has 2 byte interactions
2025-05-29T00:39:18.706425Z DEBUG evaluate constraints symbolically: close time.busy=156µs time.idle=220ns
2025-05-29T00:39:18.706494Z DEBUG chip Byte has 6 byte interactions
2025-05-29T00:39:18.706550Z DEBUG evaluate constraints symbolically: close time.busy=54.2µs time.idle=221ns
2025-05-29T00:39:18.706553Z DEBUG chip Range has 1 byte interactions
2025-05-29T00:39:18.706554Z DEBUG evaluate constraints symbolically: close time.busy=541ns time.idle=180ns
2025-05-29T00:39:19.084452Z DEBUG setup:acquire setup: permit acquired for 369.732143ms 
2025-05-29T00:39:19.084480Z DEBUG setup:acquire setup: close time.busy=1.65µs time.idle=370ms
2025-05-29T00:39:19.084486Z DEBUG setup: close time.busy=704µs time.idle=377ms
2025-05-29T00:39:19.200720Z DEBUG clone: close time.busy=27.8ms time.idle=8.47µs
2025-05-29T00:39:19.204849Z DEBUG execute: loading memory image
2025-05-29T00:39:19.267476Z  INFO execute: clk = 0 pc = 0x80000000
2025-05-29T00:39:19.334704Z  INFO execute: global_clk: 2500, pc: 2147485472, instruction: bne        %x8        %x0        -48       
2025-05-29T00:39:19.334719Z  INFO execute: global_clk: 2501, pc: 2147485424, instruction: addi       %x11       %x9        0         
2025-05-29T00:39:19.334721Z  INFO execute: global_clk: 2502, pc: 2147485428, instruction: addw       %x13       %x13       %x9       
2025-05-29T00:39:19.334723Z  INFO execute: global_clk: 2503, pc: 2147485432, instruction: mul        %x14       %x13       %x10      
2025-05-29T00:39:19.334724Z  INFO execute: global_clk: 2504, pc: 2147485436, instruction: srl        %x14       %x14       32        
2025-05-29T00:39:19.334725Z  INFO execute: global_clk: 2505, pc: 2147485440, instruction: add        %x14       %x14       %x13      
2025-05-29T00:39:19.334727Z  INFO execute: global_clk: 2506, pc: 2147485444, instruction: srliw      %x15       %x14       31        
2025-05-29T00:39:19.334728Z  INFO execute: global_clk: 2507, pc: 2147485448, instruction: sraiw      %x14       %x14       12        
2025-05-29T00:39:19.334730Z  INFO execute: global_clk: 2508, pc: 2147485452, instruction: add        %x14       %x14       %x15      
2025-05-29T00:39:19.334731Z  INFO execute: global_clk: 2509, pc: 2147485456, instruction: mul        %x14       %x14       %x12      
2025-05-29T00:39:19.334732Z  INFO execute: global_clk: 2510, pc: 2147485460, instruction: addiw      %x8        %x8        -1        
2025-05-29T00:39:19.334734Z  INFO execute: global_clk: 2511, pc: 2147485464, instruction: subw       %x9        %x13       %x14      
2025-05-29T00:39:19.334735Z  INFO execute: global_clk: 2512, pc: 2147485468, instruction: addi       %x13       %x11       0         
2025-05-29T00:39:19.334737Z  INFO execute: global_clk: 2513, pc: 2147485472, instruction: bne        %x8        %x0        -48       
2025-05-29T00:39:19.334738Z  INFO execute: global_clk: 2514, pc: 2147485424, instruction: addi       %x11       %x9        0         
2025-05-29T00:39:19.334739Z  INFO execute: global_clk: 2515, pc: 2147485428, instruction: addw       %x13       %x13       %x9       
2025-05-29T00:39:19.334741Z  INFO execute: global_clk: 2516, pc: 2147485432, instruction: mul        %x14       %x13       %x10      
2025-05-29T00:39:19.334742Z  INFO execute: global_clk: 2517, pc: 2147485436, instruction: srl        %x14       %x14       32        
2025-05-29T00:39:19.334743Z  INFO execute: global_clk: 2518, pc: 2147485440, instruction: add        %x14       %x14       %x13      
2025-05-29T00:39:19.334745Z  INFO execute: global_clk: 2519, pc: 2147485444, instruction: srliw      %x15       %x14       31        
2025-05-29T00:39:19.334746Z  INFO execute: global_clk: 2520, pc: 2147485448, instruction: sraiw      %x14       %x14       12        
2025-05-29T00:39:19.334747Z  INFO execute: global_clk: 2521, pc: 2147485452, instruction: add        %x14       %x14       %x15      
2025-05-29T00:39:19.334750Z  INFO execute: global_clk: 2522, pc: 2147485456, instruction: mul        %x14       %x14       %x12      
2025-05-29T00:39:19.334752Z  INFO execute: global_clk: 2523, pc: 2147485460, instruction: addiw      %x8        %x8        -1        
2025-05-29T00:39:19.334753Z  INFO execute: global_clk: 2524, pc: 2147485464, instruction: subw       %x9        %x13       %x14      
2025-05-29T00:39:19.334754Z  INFO execute: global_clk: 2525, pc: 2147485468, instruction: addi       %x13       %x11       0         
2025-05-29T00:39:19.334756Z  INFO execute: global_clk: 2526, pc: 2147485472, instruction: bne        %x8        %x0        -48       
2025-05-29T00:39:19.334757Z  INFO execute: global_clk: 2527, pc: 2147485424, instruction: addi       %x11       %x9        0         
2025-05-29T00:39:19.334758Z  INFO execute: global_clk: 2528, pc: 2147485428, instruction: addw       %x13       %x13       %x9       
2025-05-29T00:39:19.334760Z  INFO execute: global_clk: 2529, pc: 2147485432, instruction: mul        %x14       %x13       %x10      
2025-05-29T00:39:19.334761Z  INFO execute: global_clk: 2530, pc: 2147485436, instruction: srl        %x14       %x14       32        
2025-05-29T00:39:19.334762Z  INFO execute: global_clk: 2531, pc: 2147485440, instruction: add        %x14       %x14       %x13      
2025-05-29T00:39:19.334764Z  INFO execute: global_clk: 2532, pc: 2147485444, instruction: srliw      %x15       %x14       31        
2025-05-29T00:39:19.334765Z  INFO execute: global_clk: 2533, pc: 2147485448, instruction: sraiw      %x14       %x14       12        
2025-05-29T00:39:19.334766Z  INFO execute: global_clk: 2534, pc: 2147485452, instruction: add        %x14       %x14       %x15      
2025-05-29T00:39:19.334768Z  INFO execute: global_clk: 2535, pc: 2147485456, instruction: mul        %x14       %x14       %x12      
2025-05-29T00:39:19.334769Z  INFO execute: global_clk: 2536, pc: 2147485460, instruction: addiw      %x8        %x8        -1        
2025-05-29T00:39:19.334770Z  INFO execute: global_clk: 2537, pc: 2147485464, instruction: subw       %x9        %x13       %x14      
2025-05-29T00:39:19.334772Z  INFO execute: global_clk: 2538, pc: 2147485468, instruction: addi       %x13       %x11       0         
2025-05-29T00:39:19.334773Z  INFO execute: global_clk: 2539, pc: 2147485472, instruction: bne        %x8        %x0        -48       
2025-05-29T00:39:19.334774Z  INFO execute: global_clk: 2540, pc: 2147485424, instruction: addi       %x11       %x9        0         
2025-05-29T00:39:19.334776Z  INFO execute: global_clk: 2541, pc: 2147485428, instruction: addw       %x13       %x13       %x9       
2025-05-29T00:39:19.334777Z  INFO execute: global_clk: 2542, pc: 2147485432, instruction: mul        %x14       %x13       %x10      
2025-05-29T00:39:19.334778Z  INFO execute: global_clk: 2543, pc: 2147485436, instruction: srl        %x14       %x14       32        
2025-05-29T00:39:19.334780Z  INFO execute: global_clk: 2544, pc: 2147485440, instruction: add        %x14       %x14       %x13      
2025-05-29T00:39:19.334781Z  INFO execute: global_clk: 2545, pc: 2147485444, instruction: srliw      %x15       %x14       31        
2025-05-29T00:39:19.334782Z  INFO execute: global_clk: 2546, pc: 2147485448, instruction: sraiw      %x14       %x14       12        
2025-05-29T00:39:19.334785Z  INFO execute: global_clk: 2547, pc: 2147485452, instruction: add        %x14       %x14       %x15      
2025-05-29T00:39:19.334786Z  INFO execute: global_clk: 2548, pc: 2147485456, instruction: mul        %x14       %x14       %x12      
2025-05-29T00:39:19.334787Z  INFO execute: global_clk: 2549, pc: 2147485460, instruction: addiw      %x8        %x8        -1        
2025-05-29T00:39:19.334789Z  INFO execute: global_clk: 2550, pc: 2147485464, instruction: subw       %x9        %x13       %x14      
2025-05-29T00:39:19.334790Z  INFO execute: global_clk: 2551, pc: 2147485468, instruction: addi       %x13       %x11       0         
2025-05-29T00:39:19.334791Z  INFO execute: global_clk: 2552, pc: 2147485472, instruction: bne        %x8        %x0        -48       
2025-05-29T00:39:19.334793Z  INFO execute: global_clk: 2553, pc: 2147485424, instruction: addi       %x11       %x9        0         
2025-05-29T00:39:19.334794Z  INFO execute: global_clk: 2554, pc: 2147485428, instruction: addw       %x13       %x13       %x9       
2025-05-29T00:39:19.334795Z  INFO execute: global_clk: 2555, pc: 2147485432, instruction: mul        %x14       %x13       %x10      
2025-05-29T00:39:19.334796Z  INFO execute: global_clk: 2556, pc: 2147485436, instruction: srl        %x14       %x14       32        
2025-05-29T00:39:19.334798Z  INFO execute: global_clk: 2557, pc: 2147485440, instruction: add        %x14       %x14       %x13      
2025-05-29T00:39:19.334799Z  INFO execute: global_clk: 2558, pc: 2147485444, instruction: srliw      %x15       %x14       31        
2025-05-29T00:39:19.334800Z  INFO execute: global_clk: 2559, pc: 2147485448, instruction: sraiw      %x14       %x14       12        
2025-05-29T00:39:19.334802Z  INFO execute: global_clk: 2560, pc: 2147485452, instruction: add        %x14       %x14       %x15      
2025-05-29T00:39:19.334803Z  INFO execute: global_clk: 2561, pc: 2147485456, instruction: mul        %x14       %x14       %x12      
2025-05-29T00:39:19.334804Z  INFO execute: global_clk: 2562, pc: 2147485460, instruction: addiw      %x8        %x8        -1        
2025-05-29T00:39:19.334806Z  INFO execute: global_clk: 2563, pc: 2147485464, instruction: subw       %x9        %x13       %x14      
2025-05-29T00:39:19.334807Z  INFO execute: global_clk: 2564, pc: 2147485468, instruction: addi       %x13       %x11       0         
2025-05-29T00:39:19.334808Z  INFO execute: global_clk: 2565, pc: 2147485472, instruction: bne        %x8        %x0        -48       
2025-05-29T00:39:19.334810Z  INFO execute: global_clk: 2566, pc: 2147485424, instruction: addi       %x11       %x9        0         
2025-05-29T00:39:19.334811Z  INFO execute: global_clk: 2567, pc: 2147485428, instruction: addw       %x13       %x13       %x9       
2025-05-29T00:39:19.334812Z  INFO execute: global_clk: 2568, pc: 2147485432, instruction: mul        %x14       %x13       %x10      
2025-05-29T00:39:19.334814Z  INFO execute: global_clk: 2569, pc: 2147485436, instruction: srl        %x14       %x14       32        
2025-05-29T00:39:19.334815Z  INFO execute: global_clk: 2570, pc: 2147485440, instruction: add        %x14       %x14       %x13      
2025-05-29T00:39:19.334816Z  INFO execute: global_clk: 2571, pc: 2147485444, instruction: srliw      %x15       %x14       31        
2025-05-29T00:39:19.334818Z  INFO execute: global_clk: 2572, pc: 2147485448, instruction: sraiw      %x14       %x14       12        
2025-05-29T00:39:19.334820Z  INFO execute: global_clk: 2573, pc: 2147485452, instruction: add        %x14       %x14       %x15      
2025-05-29T00:39:19.334821Z  INFO execute: global_clk: 2574, pc: 2147485456, instruction: mul        %x14       %x14       %x12      
2025-05-29T00:39:19.334822Z  INFO execute: global_clk: 2575, pc: 2147485460, instruction: addiw      %x8        %x8        -1        
2025-05-29T00:39:19.334824Z  INFO execute: global_clk: 2576, pc: 2147485464, instruction: subw       %x9        %x13       %x14      
2025-05-29T00:39:19.334825Z  INFO execute: global_clk: 2577, pc: 2147485468, instruction: addi       %x13       %x11       0         
2025-05-29T00:39:19.334827Z  INFO execute: global_clk: 2578, pc: 2147485472, instruction: bne        %x8        %x0        -48       
2025-05-29T00:39:19.334828Z  INFO execute: global_clk: 2579, pc: 2147485424, instruction: addi       %x11       %x9        0         
2025-05-29T00:39:19.334829Z  INFO execute: global_clk: 2580, pc: 2147485428, instruction: addw       %x13       %x13       %x9       
2025-05-29T00:39:19.334831Z  INFO execute: global_clk: 2581, pc: 2147485432, instruction: mul        %x14       %x13       %x10      
2025-05-29T00:39:19.334832Z  INFO execute: global_clk: 2582, pc: 2147485436, instruction: srl        %x14       %x14       32        
2025-05-29T00:39:19.334834Z  INFO execute: global_clk: 2583, pc: 2147485440, instruction: add        %x14       %x14       %x13      
2025-05-29T00:39:19.334835Z  INFO execute: global_clk: 2584, pc: 2147485444, instruction: srliw      %x15       %x14       31        
2025-05-29T00:39:19.334836Z  INFO execute: global_clk: 2585, pc: 2147485448, instruction: sraiw      %x14       %x14       12        
2025-05-29T00:39:19.334838Z  INFO execute: global_clk: 2586, pc: 2147485452, instruction: add        %x14       %x14       %x15      
2025-05-29T00:39:19.334839Z  INFO execute: global_clk: 2587, pc: 2147485456, instruction: mul        %x14       %x14       %x12      
2025-05-29T00:39:19.334840Z  INFO execute: global_clk: 2588, pc: 2147485460, instruction: addiw      %x8        %x8        -1        
2025-05-29T00:39:19.334841Z  INFO execute: global_clk: 2589, pc: 2147485464, instruction: subw       %x9        %x13       %x14      
2025-05-29T00:39:19.334843Z  INFO execute: global_clk: 2590, pc: 2147485468, instruction: addi       %x13       %x11       0         
2025-05-29T00:39:19.334844Z  INFO execute: global_clk: 2591, pc: 2147485472, instruction: bne        %x8        %x0        -48       
2025-05-29T00:39:19.334846Z  INFO execute: global_clk: 2592, pc: 2147485424, instruction: addi       %x11       %x9        0         
2025-05-29T00:39:19.334847Z  INFO execute: global_clk: 2593, pc: 2147485428, instruction: addw       %x13       %x13       %x9       
2025-05-29T00:39:19.334848Z  INFO execute: global_clk: 2594, pc: 2147485432, instruction: mul        %x14       %x13       %x10      
2025-05-29T00:39:19.334850Z  INFO execute: global_clk: 2595, pc: 2147485436, instruction: srl        %x14       %x14       32        
2025-05-29T00:39:19.334851Z  INFO execute: global_clk: 2596, pc: 2147485440, instruction: add        %x14       %x14       %x13      
2025-05-29T00:39:19.334852Z  INFO execute: global_clk: 2597, pc: 2147485444, instruction: srliw      %x15       %x14       31        
2025-05-29T00:39:19.334854Z  INFO execute: global_clk: 2598, pc: 2147485448, instruction: sraiw      %x14       %x14       12        
2025-05-29T00:39:19.334855Z  INFO execute: global_clk: 2599, pc: 2147485452, instruction: add        %x14       %x14       %x15      
2025-05-29T00:39:19.334856Z  INFO execute: global_clk: 2600, pc: 2147485456, instruction: mul        %x14       %x14       %x12      
2025-05-29T00:39:19.335027Z DEBUG execute: close time.busy=130ms time.idle=1.17µs
2025-05-29T00:39:19.535719Z DEBUG create memory checkpoint: close time.busy=201ms time.idle=2.40µs
2025-05-29T00:39:19.893651Z DEBUG trace checkpoint: loading memory image
2025-05-29T00:39:19.893860Z  INFO trace checkpoint: clk = 0 pc = 0x80000000
2025-05-29T00:39:19.894206Z  INFO trace checkpoint: global_clk: 2500, pc: 2147485472, instruction: bne        %x8        %x0        -48       
2025-05-29T00:39:19.894211Z  INFO trace checkpoint: global_clk: 2501, pc: 2147485424, instruction: addi       %x11       %x9        0         
2025-05-29T00:39:19.894214Z  INFO trace checkpoint: global_clk: 2502, pc: 2147485428, instruction: addw       %x13       %x13       %x9       
2025-05-29T00:39:19.894215Z  INFO trace checkpoint: global_clk: 2503, pc: 2147485432, instruction: mul        %x14       %x13       %x10      
2025-05-29T00:39:19.894217Z  INFO trace checkpoint: global_clk: 2504, pc: 2147485436, instruction: srl        %x14       %x14       32        
2025-05-29T00:39:19.894219Z  INFO trace checkpoint: global_clk: 2505, pc: 2147485440, instruction: add        %x14       %x14       %x13      
2025-05-29T00:39:19.894220Z  INFO trace checkpoint: global_clk: 2506, pc: 2147485444, instruction: srliw      %x15       %x14       31        
2025-05-29T00:39:19.894222Z  INFO trace checkpoint: global_clk: 2507, pc: 2147485448, instruction: sraiw      %x14       %x14       12        
2025-05-29T00:39:19.894223Z  INFO trace checkpoint: global_clk: 2508, pc: 2147485452, instruction: add        %x14       %x14       %x15      
2025-05-29T00:39:19.894225Z  INFO trace checkpoint: global_clk: 2509, pc: 2147485456, instruction: mul        %x14       %x14       %x12      
2025-05-29T00:39:19.894226Z  INFO trace checkpoint: global_clk: 2510, pc: 2147485460, instruction: addiw      %x8        %x8        -1        
2025-05-29T00:39:19.894228Z  INFO trace checkpoint: global_clk: 2511, pc: 2147485464, instruction: subw       %x9        %x13       %x14      
2025-05-29T00:39:19.894230Z  INFO trace checkpoint: global_clk: 2512, pc: 2147485468, instruction: addi       %x13       %x11       0         
2025-05-29T00:39:19.894231Z  INFO trace checkpoint: global_clk: 2513, pc: 2147485472, instruction: bne        %x8        %x0        -48       
2025-05-29T00:39:19.894233Z  INFO trace checkpoint: global_clk: 2514, pc: 2147485424, instruction: addi       %x11       %x9        0         
2025-05-29T00:39:19.894234Z  INFO trace checkpoint: global_clk: 2515, pc: 2147485428, instruction: addw       %x13       %x13       %x9       
2025-05-29T00:39:19.894236Z  INFO trace checkpoint: global_clk: 2516, pc: 2147485432, instruction: mul        %x14       %x13       %x10      
2025-05-29T00:39:19.894238Z  INFO trace checkpoint: global_clk: 2517, pc: 2147485436, instruction: srl        %x14       %x14       32        
2025-05-29T00:39:19.894240Z  INFO trace checkpoint: global_clk: 2518, pc: 2147485440, instruction: add        %x14       %x14       %x13      
2025-05-29T00:39:19.894241Z  INFO trace checkpoint: global_clk: 2519, pc: 2147485444, instruction: srliw      %x15       %x14       31        
2025-05-29T00:39:19.894243Z  INFO trace checkpoint: global_clk: 2520, pc: 2147485448, instruction: sraiw      %x14       %x14       12        
2025-05-29T00:39:19.894244Z  INFO trace checkpoint: global_clk: 2521, pc: 2147485452, instruction: add        %x14       %x14       %x15      
2025-05-29T00:39:19.894245Z  INFO trace checkpoint: global_clk: 2522, pc: 2147485456, instruction: mul        %x14       %x14       %x12      
2025-05-29T00:39:19.894251Z  INFO trace checkpoint: global_clk: 2523, pc: 2147485460, instruction: addiw      %x8        %x8        -1        
2025-05-29T00:39:19.894253Z  INFO trace checkpoint: global_clk: 2524, pc: 2147485464, instruction: subw       %x9        %x13       %x14      
2025-05-29T00:39:19.894254Z  INFO trace checkpoint: global_clk: 2525, pc: 2147485468, instruction: addi       %x13       %x11       0         
2025-05-29T00:39:19.894256Z  INFO trace checkpoint: global_clk: 2526, pc: 2147485472, instruction: bne        %x8        %x0        -48       
2025-05-29T00:39:19.894257Z  INFO trace checkpoint: global_clk: 2527, pc: 2147485424, instruction: addi       %x11       %x9        0         
2025-05-29T00:39:19.894259Z  INFO trace checkpoint: global_clk: 2528, pc: 2147485428, instruction: addw       %x13       %x13       %x9       
2025-05-29T00:39:19.894261Z  INFO trace checkpoint: global_clk: 2529, pc: 2147485432, instruction: mul        %x14       %x13       %x10      
2025-05-29T00:39:19.894262Z  INFO trace checkpoint: global_clk: 2530, pc: 2147485436, instruction: srl        %x14       %x14       32        
2025-05-29T00:39:19.894264Z  INFO trace checkpoint: global_clk: 2531, pc: 2147485440, instruction: add        %x14       %x14       %x13      
2025-05-29T00:39:19.894265Z  INFO trace checkpoint: global_clk: 2532, pc: 2147485444, instruction: srliw      %x15       %x14       31        
2025-05-29T00:39:19.894267Z  INFO trace checkpoint: global_clk: 2533, pc: 2147485448, instruction: sraiw      %x14       %x14       12        
2025-05-29T00:39:19.894268Z  INFO trace checkpoint: global_clk: 2534, pc: 2147485452, instruction: add        %x14       %x14       %x15      
2025-05-29T00:39:19.894269Z  INFO trace checkpoint: global_clk: 2535, pc: 2147485456, instruction: mul        %x14       %x14       %x12      
2025-05-29T00:39:19.894271Z  INFO trace checkpoint: global_clk: 2536, pc: 2147485460, instruction: addiw      %x8        %x8        -1        
2025-05-29T00:39:19.894272Z  INFO trace checkpoint: global_clk: 2537, pc: 2147485464, instruction: subw       %x9        %x13       %x14      
2025-05-29T00:39:19.894274Z  INFO trace checkpoint: global_clk: 2538, pc: 2147485468, instruction: addi       %x13       %x11       0         
2025-05-29T00:39:19.894275Z  INFO trace checkpoint: global_clk: 2539, pc: 2147485472, instruction: bne        %x8        %x0        -48       
2025-05-29T00:39:19.894277Z  INFO trace checkpoint: global_clk: 2540, pc: 2147485424, instruction: addi       %x11       %x9        0         
2025-05-29T00:39:19.894279Z  INFO trace checkpoint: global_clk: 2541, pc: 2147485428, instruction: addw       %x13       %x13       %x9       
2025-05-29T00:39:19.894281Z  INFO trace checkpoint: global_clk: 2542, pc: 2147485432, instruction: mul        %x14       %x13       %x10      
2025-05-29T00:39:19.894282Z  INFO trace checkpoint: global_clk: 2543, pc: 2147485436, instruction: srl        %x14       %x14       32        
2025-05-29T00:39:19.894284Z  INFO trace checkpoint: global_clk: 2544, pc: 2147485440, instruction: add        %x14       %x14       %x13      
2025-05-29T00:39:19.894285Z  INFO trace checkpoint: global_clk: 2545, pc: 2147485444, instruction: srliw      %x15       %x14       31        
2025-05-29T00:39:19.894287Z  INFO trace checkpoint: global_clk: 2546, pc: 2147485448, instruction: sraiw      %x14       %x14       12        
2025-05-29T00:39:19.894294Z  INFO trace checkpoint: global_clk: 2547, pc: 2147485452, instruction: add        %x14       %x14       %x15      
2025-05-29T00:39:19.894296Z  INFO trace checkpoint: global_clk: 2548, pc: 2147485456, instruction: mul        %x14       %x14       %x12      
2025-05-29T00:39:19.894297Z  INFO trace checkpoint: global_clk: 2549, pc: 2147485460, instruction: addiw      %x8        %x8        -1        
2025-05-29T00:39:19.894299Z  INFO trace checkpoint: global_clk: 2550, pc: 2147485464, instruction: subw       %x9        %x13       %x14      
2025-05-29T00:39:19.894300Z  INFO trace checkpoint: global_clk: 2551, pc: 2147485468, instruction: addi       %x13       %x11       0         
2025-05-29T00:39:19.894302Z  INFO trace checkpoint: global_clk: 2552, pc: 2147485472, instruction: bne        %x8        %x0        -48       
2025-05-29T00:39:19.894303Z  INFO trace checkpoint: global_clk: 2553, pc: 2147485424, instruction: addi       %x11       %x9        0         
2025-05-29T00:39:19.894305Z  INFO trace checkpoint: global_clk: 2554, pc: 2147485428, instruction: addw       %x13       %x13       %x9       
2025-05-29T00:39:19.894306Z  INFO trace checkpoint: global_clk: 2555, pc: 2147485432, instruction: mul        %x14       %x13       %x10      
2025-05-29T00:39:19.894308Z  INFO trace checkpoint: global_clk: 2556, pc: 2147485436, instruction: srl        %x14       %x14       32        
2025-05-29T00:39:19.894309Z  INFO trace checkpoint: global_clk: 2557, pc: 2147485440, instruction: add        %x14       %x14       %x13      
2025-05-29T00:39:19.894311Z  INFO trace checkpoint: global_clk: 2558, pc: 2147485444, instruction: srliw      %x15       %x14       31        
2025-05-29T00:39:19.894312Z  INFO trace checkpoint: global_clk: 2559, pc: 2147485448, instruction: sraiw      %x14       %x14       12        
2025-05-29T00:39:19.894314Z  INFO trace checkpoint: global_clk: 2560, pc: 2147485452, instruction: add        %x14       %x14       %x15      
2025-05-29T00:39:19.894315Z  INFO trace checkpoint: global_clk: 2561, pc: 2147485456, instruction: mul        %x14       %x14       %x12      
2025-05-29T00:39:19.894317Z  INFO trace checkpoint: global_clk: 2562, pc: 2147485460, instruction: addiw      %x8        %x8        -1        
2025-05-29T00:39:19.894318Z  INFO trace checkpoint: global_clk: 2563, pc: 2147485464, instruction: subw       %x9        %x13       %x14      
2025-05-29T00:39:19.894320Z  INFO trace checkpoint: global_clk: 2564, pc: 2147485468, instruction: addi       %x13       %x11       0         
2025-05-29T00:39:19.894322Z  INFO trace checkpoint: global_clk: 2565, pc: 2147485472, instruction: bne        %x8        %x0        -48       
2025-05-29T00:39:19.894323Z  INFO trace checkpoint: global_clk: 2566, pc: 2147485424, instruction: addi       %x11       %x9        0         
2025-05-29T00:39:19.894325Z  INFO trace checkpoint: global_clk: 2567, pc: 2147485428, instruction: addw       %x13       %x13       %x9       
2025-05-29T00:39:19.894326Z  INFO trace checkpoint: global_clk: 2568, pc: 2147485432, instruction: mul        %x14       %x13       %x10      
2025-05-29T00:39:19.894328Z  INFO trace checkpoint: global_clk: 2569, pc: 2147485436, instruction: srl        %x14       %x14       32        
2025-05-29T00:39:19.894329Z  INFO trace checkpoint: global_clk: 2570, pc: 2147485440, instruction: add        %x14       %x14       %x13      
2025-05-29T00:39:19.894331Z  INFO trace checkpoint: global_clk: 2571, pc: 2147485444, instruction: srliw      %x15       %x14       31        
2025-05-29T00:39:19.894332Z  INFO trace checkpoint: global_clk: 2572, pc: 2147485448, instruction: sraiw      %x14       %x14       12        
2025-05-29T00:39:19.894334Z  INFO trace checkpoint: global_clk: 2573, pc: 2147485452, instruction: add        %x14       %x14       %x15      
2025-05-29T00:39:19.894335Z  INFO trace checkpoint: global_clk: 2574, pc: 2147485456, instruction: mul        %x14       %x14       %x12      
2025-05-29T00:39:19.894336Z  INFO trace checkpoint: global_clk: 2575, pc: 2147485460, instruction: addiw      %x8        %x8        -1        
2025-05-29T00:39:19.894338Z  INFO trace checkpoint: global_clk: 2576, pc: 2147485464, instruction: subw       %x9        %x13       %x14      
2025-05-29T00:39:19.894340Z  INFO trace checkpoint: global_clk: 2577, pc: 2147485468, instruction: addi       %x13       %x11       0         
2025-05-29T00:39:19.894341Z  INFO trace checkpoint: global_clk: 2578, pc: 2147485472, instruction: bne        %x8        %x0        -48       
2025-05-29T00:39:19.894343Z  INFO trace checkpoint: global_clk: 2579, pc: 2147485424, instruction: addi       %x11       %x9        0         
2025-05-29T00:39:19.894344Z  INFO trace checkpoint: global_clk: 2580, pc: 2147485428, instruction: addw       %x13       %x13       %x9       
2025-05-29T00:39:19.894346Z  INFO trace checkpoint: global_clk: 2581, pc: 2147485432, instruction: mul        %x14       %x13       %x10      
2025-05-29T00:39:19.894347Z  INFO trace checkpoint: global_clk: 2582, pc: 2147485436, instruction: srl        %x14       %x14       32        
2025-05-29T00:39:19.894349Z  INFO trace checkpoint: global_clk: 2583, pc: 2147485440, instruction: add        %x14       %x14       %x13      
2025-05-29T00:39:19.894350Z  INFO trace checkpoint: global_clk: 2584, pc: 2147485444, instruction: srliw      %x15       %x14       31        
2025-05-29T00:39:19.894351Z  INFO trace checkpoint: global_clk: 2585, pc: 2147485448, instruction: sraiw      %x14       %x14       12        
2025-05-29T00:39:19.894353Z  INFO trace checkpoint: global_clk: 2586, pc: 2147485452, instruction: add        %x14       %x14       %x15      
2025-05-29T00:39:19.894354Z  INFO trace checkpoint: global_clk: 2587, pc: 2147485456, instruction: mul        %x14       %x14       %x12      
2025-05-29T00:39:19.894356Z  INFO trace checkpoint: global_clk: 2588, pc: 2147485460, instruction: addiw      %x8        %x8        -1        
2025-05-29T00:39:19.894358Z  INFO trace checkpoint: global_clk: 2589, pc: 2147485464, instruction: subw       %x9        %x13       %x14      
2025-05-29T00:39:19.894359Z  INFO trace checkpoint: global_clk: 2590, pc: 2147485468, instruction: addi       %x13       %x11       0         
2025-05-29T00:39:19.894361Z  INFO trace checkpoint: global_clk: 2591, pc: 2147485472, instruction: bne        %x8        %x0        -48       
2025-05-29T00:39:19.894363Z  INFO trace checkpoint: global_clk: 2592, pc: 2147485424, instruction: addi       %x11       %x9        0         
2025-05-29T00:39:19.894364Z  INFO trace checkpoint: global_clk: 2593, pc: 2147485428, instruction: addw       %x13       %x13       %x9       
2025-05-29T00:39:19.894365Z  INFO trace checkpoint: global_clk: 2594, pc: 2147485432, instruction: mul        %x14       %x13       %x10      
2025-05-29T00:39:19.894367Z  INFO trace checkpoint: global_clk: 2595, pc: 2147485436, instruction: srl        %x14       %x14       32        
2025-05-29T00:39:19.894368Z  INFO trace checkpoint: global_clk: 2596, pc: 2147485440, instruction: add        %x14       %x14       %x13      
2025-05-29T00:39:19.894370Z  INFO trace checkpoint: global_clk: 2597, pc: 2147485444, instruction: srliw      %x15       %x14       31        
2025-05-29T00:39:19.894371Z  INFO trace checkpoint: global_clk: 2598, pc: 2147485448, instruction: sraiw      %x14       %x14       12        
2025-05-29T00:39:19.894373Z  INFO trace checkpoint: global_clk: 2599, pc: 2147485452, instruction: add        %x14       %x14       %x15      
2025-05-29T00:39:19.894374Z  INFO trace checkpoint: global_clk: 2600, pc: 2147485456, instruction: mul        %x14       %x14       %x12      
2025-05-29T00:39:19.932616Z DEBUG trace checkpoint: close time.busy=298ms time.idle=8.10µs
2025-05-29T00:39:19.932710Z DEBUG deferred 0 records
2025-05-29T00:39:19.942584Z  INFO asdf found clk: 10025 in ShiftRight
2025-05-29T00:39:19.942597Z  INFO pc: 2147485444
2025-05-29T00:39:19.942598Z  INFO pc mod bb: 134219523
2025-05-29T00:39:19.954235Z  INFO prove core shard:prove shard with data: Proving shard
2025-05-29T00:39:19.954246Z  INFO prove core shard:prove shard with data: Add             | Prep Cols = 0     | Main Cols = 31    | Rows = 1632  | Cells = 50592     
2025-05-29T00:39:19.954253Z  INFO prove core shard:prove shard with data: Addi            | Prep Cols = 0     | Main Cols = 28    | Rows = 1504  | Cells = 42112     
2025-05-29T00:39:19.954256Z  INFO prove core shard:prove shard with data: Addiw           | Prep Cols = 0     | Main Cols = 28    | Rows = 512   | Cells = 14336     
2025-05-29T00:39:19.954257Z  INFO prove core shard:prove shard with data: Addw            | Prep Cols = 0     | Main Cols = 31    | Rows = 512   | Cells = 15872     
2025-05-29T00:39:19.954259Z  INFO prove core shard:prove shard with data: Auipc           | Prep Cols = 0     | Main Cols = 21    | Rows = 64    | Cells = 1344      
2025-05-29T00:39:19.954260Z  INFO prove core shard:prove shard with data: Bitwise         | Prep Cols = 0     | Main Cols = 49    | Rows = 1632  | Cells = 79968     
2025-05-29T00:39:19.954262Z  INFO prove core shard:prove shard with data: Branch          | Prep Cols = 0     | Main Cols = 41    | Rows = 608   | Cells = 24928     
2025-05-29T00:39:19.954263Z  INFO prove core shard:prove shard with data: Byte            | Prep Cols = 7     | Main Cols = 6     | Rows = 65536 | Cells = 851968    
2025-05-29T00:39:19.954265Z  INFO prove core shard:prove shard with data: DivRem          | Prep Cols = 0     | Main Cols = 216   | Rows = 0     | Cells = 0         
2025-05-29T00:39:19.954267Z  INFO prove core shard:prove shard with data: Global          | Prep Cols = 0     | Main Cols = 416   | Rows = 9024  | Cells = 3753984   
2025-05-29T00:39:19.954268Z  INFO prove core shard:prove shard with data: Jal             | Prep Cols = 0     | Main Cols = 21    | Rows = 32    | Cells = 672       
2025-05-29T00:39:19.954270Z  INFO prove core shard:prove shard with data: Jalr            | Prep Cols = 0     | Main Cols = 34    | Rows = 64    | Cells = 2176      
2025-05-29T00:39:19.954271Z  INFO prove core shard:prove shard with data: LoadByte        | Prep Cols = 0     | Main Cols = 50    | Rows = 96    | Cells = 4800      
2025-05-29T00:39:19.954273Z  INFO prove core shard:prove shard with data: LoadDouble      | Prep Cols = 0     | Main Cols = 43    | Rows = 352   | Cells = 15136     
2025-05-29T00:39:19.954275Z  INFO prove core shard:prove shard with data: LoadHalf        | Prep Cols = 0     | Main Cols = 47    | Rows = 0     | Cells = 0         
2025-05-29T00:39:19.954276Z  INFO prove core shard:prove shard with data: LoadWord        | Prep Cols = 0     | Main Cols = 48    | Rows = 32    | Cells = 1536      
2025-05-29T00:39:19.954278Z  INFO prove core shard:prove shard with data: LoadX0          | Prep Cols = 0     | Main Cols = 51    | Rows = 32    | Cells = 1632      
2025-05-29T00:39:19.954279Z  INFO prove core shard:prove shard with data: Lt              | Prep Cols = 0     | Main Cols = 42    | Rows = 32    | Cells = 1344      
2025-05-29T00:39:19.954281Z  INFO prove core shard:prove shard with data: MemoryBump      | Prep Cols = 0     | Main Cols = 14    | Rows = 32    | Cells = 448       
2025-05-29T00:39:19.954282Z  INFO prove core shard:prove shard with data: MemoryGlobalFinalize | Prep Cols = 0     | Main Cols = 34    | Rows = 8448  | Cells = 287232    
2025-05-29T00:39:19.954284Z  INFO prove core shard:prove shard with data: MemoryGlobalInit | Prep Cols = 0     | Main Cols = 34    | Rows = 192   | Cells = 6528      
2025-05-29T00:39:19.954285Z  INFO prove core shard:prove shard with data: MemoryLocal     | Prep Cols = 0     | Main Cols = 128   | Rows = 64    | Cells = 8192      
2025-05-29T00:39:19.954287Z  INFO prove core shard:prove shard with data: Mul             | Prep Cols = 0     | Main Cols = 84    | Rows = 1024  | Cells = 86016     
2025-05-29T00:39:19.954288Z  INFO prove core shard:prove shard with data: Program         | Prep Cols = 14    | Main Cols = 1     | Rows = 12640 | Cells = 189600    
2025-05-29T00:39:19.954290Z  INFO prove core shard:prove shard with data: Range           | Prep Cols = 2     | Main Cols = 1     | Rows = 131072 | Cells = 393216    
2025-05-29T00:39:19.954291Z  INFO prove core shard:prove shard with data: ShiftLeft       | Prep Cols = 0     | Main Cols = 55    | Rows = 672   | Cells = 36960     
2025-05-29T00:39:19.954293Z  INFO prove core shard:prove shard with data: ShiftRight      | Prep Cols = 0     | Main Cols = 58    | Rows = 2208  | Cells = 128064    
2025-05-29T00:39:19.954295Z  INFO prove core shard:prove shard with data: StoreByte       | Prep Cols = 0     | Main Cols = 53    | Rows = 32    | Cells = 1696      
2025-05-29T00:39:19.954297Z  INFO prove core shard:prove shard with data: StoreDouble     | Prep Cols = 0     | Main Cols = 43    | Rows = 288   | Cells = 12384     
2025-05-29T00:39:19.954300Z  INFO prove core shard:prove shard with data: StoreHalf       | Prep Cols = 0     | Main Cols = 48    | Rows = 0     | Cells = 0         
2025-05-29T00:39:19.954301Z  INFO prove core shard:prove shard with data: StoreWord       | Prep Cols = 0     | Main Cols = 47    | Rows = 32    | Cells = 1504      
2025-05-29T00:39:19.954304Z  INFO prove core shard:prove shard with data: Sub             | Prep Cols = 0     | Main Cols = 31    | Rows = 32    | Cells = 992       
2025-05-29T00:39:19.954306Z  INFO prove core shard:prove shard with data: Subw            | Prep Cols = 0     | Main Cols = 31    | Rows = 512   | Cells = 15872     
2025-05-29T00:39:19.954308Z  INFO prove core shard:prove shard with data: SyscallCore     | Prep Cols = 0     | Main Cols = 18    | Rows = 0     | Cells = 0         
2025-05-29T00:39:19.954310Z  INFO prove core shard:prove shard with data: SyscallInstrs   | Prep Cols = 0     | Main Cols = 70    | Rows = 32    | Cells = 2240      
2025-05-29T00:39:19.954312Z  INFO prove core shard:prove shard with data: Total number of cells: 6033344, number of variables: 23
2025-05-29T00:39:19.968951Z DEBUG build recursion program: close time.busy=25.2ms time.idle=1.23µs
2025-05-29T00:39:19.994686Z DEBUG compile recursion program:compile raw program: close time.busy=25.7ms time.idle=822ns
2025-05-29T00:39:19.995916Z DEBUG compile recursion program:backfill mult: close time.busy=1.21ms time.idle=781ns
2025-05-29T00:39:19.995923Z DEBUG compile recursion program:prepend constants: close time.busy=301ns time.idle=250ns
2025-05-29T00:39:20.001912Z DEBUG compile recursion program: close time.busy=32.9ms time.idle=360ns
2025-05-29T00:39:20.354081Z DEBUG prove core shard:prove shard with data:commit traces: close time.busy=41.6µs time.idle=400ms
Add
2025-05-29T00:39:20.372715Z  INFO prove core shard:prove shard with data:logup gkr proof:debug local interactions: Add chip has 11531 distinct events
Addi
2025-05-29T00:39:20.385116Z  INFO prove core shard:prove shard with data:logup gkr proof:debug local interactions: Addi chip has 7715 distinct events
Addiw
2025-05-29T00:39:20.389380Z  INFO prove core shard:prove shard with data:logup gkr proof:debug local interactions: Addiw chip has 2523 distinct events
Addw
2025-05-29T00:39:20.394864Z  INFO prove core shard:prove shard with data:logup gkr proof:debug local interactions: Addw chip has 3505 distinct events
Auipc
2025-05-29T00:39:20.395317Z  INFO prove core shard:prove shard with data:logup gkr proof:debug local interactions: Auipc chip has 209 distinct events
Bitwise
2025-05-29T00:39:20.413327Z  INFO prove core shard:prove shard with data:logup gkr proof:debug local interactions: Bitwise chip has 10579 distinct events
Branch
2025-05-29T00:39:20.418461Z  INFO prove core shard:prove shard with data:logup gkr proof:debug local interactions: Branch chip has 3115 distinct events
Byte
2025-05-29T00:39:20.432013Z  INFO prove core shard:prove shard with data:logup gkr proof:debug local interactions: Byte chip has 6 distinct events
DivRem
2025-05-29T00:39:20.432018Z  INFO prove core shard:prove shard with data:logup gkr proof:debug local interactions: DivRem chip has 0 distinct events
Global
2025-05-29T00:39:20.485325Z  INFO prove core shard:prove shard with data:logup gkr proof:debug local interactions: Global chip has 18006 distinct events
Jal
2025-05-29T00:39:20.485987Z  INFO prove core shard:prove shard with data:logup gkr proof:debug local interactions: Jal chip has 73 distinct events
Jalr
2025-05-29T00:39:20.486672Z  INFO prove core shard:prove shard with data:logup gkr proof:debug local interactions: Jalr chip has 272 distinct events
LoadByte
2025-05-29T00:39:20.487685Z  INFO prove core shard:prove shard with data:logup gkr proof:debug local interactions: LoadByte chip has 643 distinct events
LoadDouble
2025-05-29T00:39:20.491906Z  INFO prove core shard:prove shard with data:logup gkr proof:debug local interactions: LoadDouble chip has 2773 distinct events
LoadHalf
2025-05-29T00:39:20.491957Z  INFO prove core shard:prove shard with data:logup gkr proof:debug local interactions: LoadHalf chip has 0 distinct events
LoadWord
2025-05-29T00:39:20.492289Z  INFO prove core shard:prove shard with data:logup gkr proof:debug local interactions: LoadWord chip has 175 distinct events
LoadX0
2025-05-29T00:39:20.492324Z  INFO prove core shard:prove shard with data:logup gkr proof:debug local interactions: LoadX0 chip has 12 distinct events
Lt
2025-05-29T00:39:20.492362Z  INFO prove core shard:prove shard with data:logup gkr proof:debug local interactions: Lt chip has 20 distinct events
MemoryBump
2025-05-29T00:39:20.492449Z  INFO prove core shard:prove shard with data:logup gkr proof:debug local interactions: MemoryBump chip has 63 distinct events
MemoryGlobalFinalize
2025-05-29T00:39:20.569941Z  INFO prove core shard:prove shard with data:logup gkr proof:debug local interactions: MemoryGlobalFinalize chip has 29144 distinct events
MemoryGlobalInit
2025-05-29T00:39:20.573064Z  INFO prove core shard:prove shard with data:logup gkr proof:debug local interactions: MemoryGlobalInit chip has 513 distinct events
MemoryLocal
2025-05-29T00:39:20.574029Z  INFO prove core shard:prove shard with data:logup gkr proof:debug local interactions: MemoryLocal chip has 768 distinct events
Mul
2025-05-29T00:39:20.586977Z  INFO prove core shard:prove shard with data:logup gkr proof:debug local interactions: Mul chip has 6528 distinct events
Program
2025-05-29T00:39:20.592694Z  INFO prove core shard:prove shard with data:logup gkr proof:debug local interactions: Program chip has 4619 distinct events
Range
2025-05-29T00:39:20.606439Z  INFO prove core shard:prove shard with data:logup gkr proof:debug local interactions: Range chip has 12967 distinct events
ShiftLeft
2025-05-29T00:39:20.614172Z  INFO prove core shard:prove shard with data:logup gkr proof:debug local interactions: ShiftLeft chip has 4612 distinct events
ShiftRight
2025-05-29T00:39:20.635345Z  INFO prove core shard:prove shard with data:logup gkr proof:debug local interactions: ShiftRight chip has 11929 distinct events
StoreByte
2025-05-29T00:39:20.636424Z  INFO prove core shard:prove shard with data:logup gkr proof:debug local interactions: StoreByte chip has 170 distinct events
StoreDouble
2025-05-29T00:39:20.640497Z  INFO prove core shard:prove shard with data:logup gkr proof:debug local interactions: StoreDouble chip has 2142 distinct events
StoreHalf
2025-05-29T00:39:20.640541Z  INFO prove core shard:prove shard with data:logup gkr proof:debug local interactions: StoreHalf chip has 0 distinct events
StoreWord
2025-05-29T00:39:20.640992Z  INFO prove core shard:prove shard with data:logup gkr proof:debug local interactions: StoreWord chip has 130 distinct events
Sub
2025-05-29T00:39:20.641211Z  INFO prove core shard:prove shard with data:logup gkr proof:debug local interactions: Sub chip has 98 distinct events
Subw
2025-05-29T00:39:20.648105Z  INFO prove core shard:prove shard with data:logup gkr proof:debug local interactions: Subw chip has 4034 distinct events
SyscallCore
2025-05-29T00:39:20.648188Z  INFO prove core shard:prove shard with data:logup gkr proof:debug local interactions: SyscallCore chip has 0 distinct events
SyscallInstrs
2025-05-29T00:39:20.648776Z  INFO prove core shard:prove shard with data:logup gkr proof:debug local interactions: SyscallInstrs chip has 213 distinct events
2025-05-29T00:39:20.648784Z  INFO prove core shard:prove shard with data:logup gkr proof:debug local interactions: Final counts below.
2025-05-29T00:39:20.648786Z  INFO prove core shard:prove shard with data:logup gkr proof:debug local interactions: ==================
2025-05-29T00:39:20.692347Z  INFO prove core shard:prove shard with data:logup gkr proof:debug local interactions: Interaction key: Local GlobalAccumulation (0, 21185043, 90322736, 156256384, 23627556, 34171264, 126183783, 25645942, 885797405, 1130275556, 567836311, 52700240, 239639200, 442612155, 1839439733) Send-Receive Discrepancy: 2013265920
2025-05-29T00:39:20.692411Z  INFO prove core shard:prove shard with data:logup gkr proof:debug local interactions:  Global chip's send-receive discrepancy for this key is 2013265920
2025-05-29T00:39:20.693691Z  INFO prove core shard:prove shard with data:logup gkr proof:debug local interactions: Interaction key: Local GlobalAccumulation (9001, 474641257, 375942331, 542340738, 182516045, 876837148, 89304411, 1593567990, 1073543030, 966494383, 617280592, 675061803, 291264321, 1385308843, 405569309) Send-Receive Discrepancy: 1
2025-05-29T00:39:20.693696Z  INFO prove core shard:prove shard with data:logup gkr proof:debug local interactions:  Global chip's send-receive discrepancy for this key is 1
2025-05-29T00:39:20.696274Z  INFO prove core shard:prove shard with data:logup gkr proof:debug local interactions: Interaction key: Local MemoryGlobalFinalizeControl (0, 0, 0, 0, 0, 1) Send-Receive Discrepancy: 2013265920
2025-05-29T00:39:20.696279Z  INFO prove core shard:prove shard with data:logup gkr proof:debug local interactions:  MemoryGlobalFinalize chip's send-receive discrepancy for this key is 2013265920
2025-05-29T00:39:20.696704Z  INFO prove core shard:prove shard with data:logup gkr proof:debug local interactions: Interaction key: Local MemoryGlobalFinalizeControl (8446, 176, 40978, 0, 0, 1) Send-Receive Discrepancy: 1
2025-05-29T00:39:20.696708Z  INFO prove core shard:prove shard with data:logup gkr proof:debug local interactions:  MemoryGlobalFinalize chip's send-receive discrepancy for this key is 1
2025-05-29T00:39:20.696720Z  INFO prove core shard:prove shard with data:logup gkr proof:debug local interactions: Interaction key: Local MemoryGlobalInitControl (0, 0, 0, 0, 0, 1) Send-Receive Discrepancy: 2013265920
2025-05-29T00:39:20.696721Z  INFO prove core shard:prove shard with data:logup gkr proof:debug local interactions:  MemoryGlobalInit chip's send-receive discrepancy for this key is 2013265920
2025-05-29T00:39:20.696728Z  INFO prove core shard:prove shard with data:logup gkr proof:debug local interactions: Interaction key: Local MemoryGlobalInitControl (171, 176, 40978, 0, 0, 1) Send-Receive Discrepancy: 1
2025-05-29T00:39:20.696730Z  INFO prove core shard:prove shard with data:logup gkr proof:debug local interactions:  MemoryGlobalInit chip's send-receive discrepancy for this key is 1
2025-05-29T00:39:20.696970Z  INFO prove core shard:prove shard with data:logup gkr proof:debug local interactions: Interaction key: Local State (1, 1, 134217727) Send-Receive Discrepancy: 2013265920
2025-05-29T00:39:20.696973Z  INFO prove core shard:prove shard with data:logup gkr proof:debug local interactions:  Auipc chip's send-receive discrepancy for this key is 2013265920
2025-05-29T00:39:20.697500Z  INFO prove core shard:prove shard with data:logup gkr proof:debug local interactions: Interaction key: Local State (1, 46189, 0) Send-Receive Discrepancy: 1
2025-05-29T00:39:20.697503Z  INFO prove core shard:prove shard with data:logup gkr proof:debug local interactions:  SyscallInstrs chip's send-receive discrepancy for this key is 1
2025-05-29T00:39:20.702131Z  INFO prove core shard:prove shard with data:logup gkr proof:debug local interactions: ==================
2025-05-29T00:39:20.722718Z DEBUG prove core shard:prove shard with data:logup gkr proof:debug local interactions: close time.busy=369ms time.idle=983ns
2025-05-29T00:39:24.245615Z DEBUG prove core shard:prove shard with data:logup gkr proof: close time.busy=758ms time.idle=3.13s
2025-05-29T00:39:24.527937Z DEBUG prove core shard:prove shard with data:zerocheck: close time.busy=120ms time.idle=162ms
2025-05-29T00:39:24.652361Z  INFO compute jagged values: close time.busy=8.47ms time.idle=1.86µs
2025-05-29T00:39:26.054762Z DEBUG prove core shard:prove shard with data:prove evaluation claims: close time.busy=581ms time.idle=946ms
2025-05-29T00:39:26.054796Z DEBUG prove core shard:prove shard with data: close time.busy=1.46s time.idle=4.64s
2025-05-29T00:39:26.054800Z DEBUG prove core shard:generate main traces:acquire prover: permit acquired for 6.100618652s 
2025-05-29T00:39:26.054804Z DEBUG prove core shard:generate main traces:acquire prover: close time.busy=1.50µs time.idle=6.10s
2025-05-29T00:39:26.054807Z DEBUG prove core shard:generate main traces: close time.busy=101µs time.idle=6.11s
2025-05-29T00:39:26.054811Z DEBUG prove core shard: close time.busy=1.47s time.idle=4.64s
2025-05-29T00:39:26.072003Z  INFO prove core: close time.busy=23.2µs time.idle=6.99s
2025-05-29T00:39:26.110875Z DEBUG Verify shard proof: close time.busy=38.6ms time.idle=891ns i=0
